{"/Users/adrianosalles/Desktop/Projects/React/my-vue-app/src/App.tsx": {"path":"/Users/adrianosalles/Desktop/Projects/React/my-vue-app/src/App.tsx","statementMap":{},"fnMap":{"0":{"name":"App","decl":{"start":{"line":3,"column":9},"end":{"line":3,"column":null}},"loc":{"start":{"line":3,"column":9},"end":{"line":9,"column":null}}}},"branchMap":{},"s":{},"f":{"0":0},"b":{}}
,"/Users/adrianosalles/Desktop/Projects/React/my-vue-app/src/app/Router/Router.tsx": {"path":"/Users/adrianosalles/Desktop/Projects/React/my-vue-app/src/app/Router/Router.tsx","statementMap":{"0":{"start":{"line":9,"column":22},"end":{"line":24,"column":2}},"1":{"start":{"line":10,"column":19},"end":{"line":10,"column":null}}},"fnMap":{"0":{"name":"(anonymous_0)","decl":{"start":{"line":9,"column":22},"end":{"line":9,"column":null}},"loc":{"start":{"line":9,"column":22},"end":{"line":24,"column":2}}}},"branchMap":{"0":{"loc":{"start":{"line":18,"column":24},"end":{"line":18,"column":46}},"type":"cond-expr","locations":[{"start":{"line":18,"column":24},"end":{"line":18,"column":46}}]}},"s":{"0":0,"1":0},"f":{"0":0},"b":{"0":[0]}}
,"/Users/adrianosalles/Desktop/Projects/React/my-vue-app/src/app/config/firebaseConfig.ts": {"path":"/Users/adrianosalles/Desktop/Projects/React/my-vue-app/src/app/config/firebaseConfig.ts","statementMap":{"0":{"start":{"line":3,"column":40},"end":{"line":11,"column":null}},"1":{"start":{"line":13,"column":0},"end":{"line":13,"column":null}},"2":{"start":{"line":15,"column":20},"end":{"line":15,"column":null}}},"fnMap":{},"branchMap":{},"s":{"0":0,"1":0,"2":0},"f":{},"b":{}}
,"/Users/adrianosalles/Desktop/Projects/React/my-vue-app/src/app/constants/fontTypes.ts": {"path":"/Users/adrianosalles/Desktop/Projects/React/my-vue-app/src/app/constants/fontTypes.ts","statementMap":{"0":{"start":{"line":11,"column":27},"end":{"line":17,"column":2}},"1":{"start":{"line":22,"column":4},"end":{"line":31,"column":2}}},"fnMap":{},"branchMap":{},"s":{"0":2,"1":2},"f":{},"b":{}}
,"/Users/adrianosalles/Desktop/Projects/React/my-vue-app/src/app/contexts/AuthProvider/AuthProvider.tsx": {"path":"/Users/adrianosalles/Desktop/Projects/React/my-vue-app/src/app/contexts/AuthProvider/AuthProvider.tsx","statementMap":{"0":{"start":{"line":16,"column":20},"end":{"line":16,"column":null}},"1":{"start":{"line":18,"column":28},"end":{"line":50,"column":2}},"2":{"start":{"line":19,"column":26},"end":{"line":19,"column":null}},"3":{"start":{"line":20,"column":15},"end":{"line":20,"column":null}},"4":{"start":{"line":22,"column":16},"end":{"line":29,"column":null}},"5":{"start":{"line":23,"column":27},"end":{"line":26,"column":null}},"6":{"start":{"line":28,"column":4},"end":{"line":28,"column":null}},"7":{"start":{"line":31,"column":19},"end":{"line":38,"column":null}},"8":{"start":{"line":32,"column":27},"end":{"line":35,"column":null}},"9":{"start":{"line":37,"column":4},"end":{"line":37,"column":null}},"10":{"start":{"line":40,"column":17},"end":{"line":43,"column":null}},"11":{"start":{"line":41,"column":4},"end":{"line":41,"column":null}},"12":{"start":{"line":42,"column":4},"end":{"line":42,"column":null}},"13":{"start":{"line":52,"column":23},"end":{"line":58,"column":2}},"14":{"start":{"line":53,"column":18},"end":{"line":53,"column":null}},"15":{"start":{"line":54,"column":2},"end":{"line":56,"column":null}},"16":{"start":{"line":55,"column":4},"end":{"line":55,"column":null}},"17":{"start":{"line":57,"column":2},"end":{"line":57,"column":null}}},"fnMap":{"0":{"name":"(anonymous_0)","decl":{"start":{"line":18,"column":28},"end":{"line":18,"column":29}},"loc":{"start":{"line":18,"column":72},"end":{"line":50,"column":2}}},"1":{"name":"(anonymous_1)","decl":{"start":{"line":22,"column":16},"end":{"line":22,"column":23}},"loc":{"start":{"line":22,"column":38},"end":{"line":29,"column":null}}},"2":{"name":"(anonymous_2)","decl":{"start":{"line":31,"column":19},"end":{"line":31,"column":26}},"loc":{"start":{"line":31,"column":41},"end":{"line":38,"column":null}}},"3":{"name":"(anonymous_3)","decl":{"start":{"line":40,"column":17},"end":{"line":40,"column":null}},"loc":{"start":{"line":40,"column":17},"end":{"line":43,"column":null}}},"4":{"name":"(anonymous_4)","decl":{"start":{"line":52,"column":23},"end":{"line":52,"column":null}},"loc":{"start":{"line":52,"column":23},"end":{"line":58,"column":2}}}},"branchMap":{"0":{"loc":{"start":{"line":54,"column":2},"end":{"line":56,"column":null}},"type":"if","locations":[{"start":{"line":54,"column":2},"end":{"line":56,"column":null}},{"start":{},"end":{}}]}},"s":{"0":0,"1":0,"2":0,"3":0,"4":0,"5":0,"6":0,"7":0,"8":0,"9":0,"10":0,"11":0,"12":0,"13":0,"14":0,"15":0,"16":0,"17":0},"f":{"0":0,"1":0,"2":0,"3":0,"4":0},"b":{"0":[0,0]}}
,"/Users/adrianosalles/Desktop/Projects/React/my-vue-app/src/app/utils/getFontFamily.ts": {"path":"/Users/adrianosalles/Desktop/Projects/React/my-vue-app/src/app/utils/getFontFamily.ts","statementMap":{"0":{"start":{"line":3,"column":29},"end":{"line":26,"column":2}},"1":{"start":{"line":9,"column":2},"end":{"line":15,"column":null}},"2":{"start":{"line":14,"column":4},"end":{"line":14,"column":null}},"3":{"start":{"line":16,"column":2},"end":{"line":25,"column":null}},"4":{"start":{"line":18,"column":6},"end":{"line":18,"column":null}},"5":{"start":{"line":20,"column":6},"end":{"line":20,"column":null}},"6":{"start":{"line":22,"column":6},"end":{"line":22,"column":null}},"7":{"start":{"line":24,"column":6},"end":{"line":24,"column":null}}},"fnMap":{"0":{"name":"(anonymous_0)","decl":{"start":{"line":3,"column":29},"end":{"line":3,"column":null}},"loc":{"start":{"line":7,"column":2},"end":{"line":26,"column":2}}}},"branchMap":{"0":{"loc":{"start":{"line":9,"column":2},"end":{"line":15,"column":null}},"type":"if","locations":[{"start":{"line":9,"column":2},"end":{"line":15,"column":null}},{"start":{},"end":{}}]},"1":{"loc":{"start":{"line":10,"column":4},"end":{"line":12,"column":null}},"type":"binary-expr","locations":[{"start":{"line":10,"column":4},"end":{"line":10,"column":null}},{"start":{"line":11,"column":4},"end":{"line":11,"column":null}},{"start":{"line":12,"column":4},"end":{"line":12,"column":null}}]},"2":{"loc":{"start":{"line":16,"column":2},"end":{"line":25,"column":null}},"type":"switch","locations":[{"start":{"line":17,"column":4},"end":{"line":18,"column":null}},{"start":{"line":19,"column":4},"end":{"line":20,"column":null}},{"start":{"line":21,"column":4},"end":{"line":22,"column":null}},{"start":{"line":23,"column":4},"end":{"line":24,"column":null}}]}},"s":{"0":2,"1":40,"2":16,"3":24,"4":3,"5":21,"6":0,"7":0},"f":{"0":40},"b":{"0":[16,24],"1":[40,27,27],"2":[3,21,0,0]}}
,"/Users/adrianosalles/Desktop/Projects/React/my-vue-app/src/app/utils/validateEmail.ts": {"path":"/Users/adrianosalles/Desktop/Projects/React/my-vue-app/src/app/utils/validateEmail.ts","statementMap":{"0":{"start":{"line":1,"column":28},"end":{"line":6,"column":2}},"1":{"start":{"line":2,"column":21},"end":{"line":2,"column":null}},"2":{"start":{"line":3,"column":2},"end":{"line":3,"column":null}},"3":{"start":{"line":3,"column":14},"end":{"line":3,"column":null}},"4":{"start":{"line":4,"column":2},"end":{"line":4,"column":null}},"5":{"start":{"line":4,"column":31},"end":{"line":4,"column":null}},"6":{"start":{"line":5,"column":2},"end":{"line":5,"column":null}}},"fnMap":{"0":{"name":"(anonymous_0)","decl":{"start":{"line":1,"column":28},"end":{"line":1,"column":29}},"loc":{"start":{"line":1,"column":29},"end":{"line":6,"column":2}}}},"branchMap":{"0":{"loc":{"start":{"line":3,"column":2},"end":{"line":3,"column":null}},"type":"if","locations":[{"start":{"line":3,"column":2},"end":{"line":3,"column":null}},{"start":{},"end":{}}]},"1":{"loc":{"start":{"line":4,"column":2},"end":{"line":4,"column":null}},"type":"if","locations":[{"start":{"line":4,"column":2},"end":{"line":4,"column":null}},{"start":{},"end":{}}]}},"s":{"0":1,"1":10,"2":10,"3":7,"4":3,"5":0,"6":3},"f":{"0":10},"b":{"0":[7,3],"1":[0,3]}}
,"/Users/adrianosalles/Desktop/Projects/React/my-vue-app/src/app/utils/validatePassword.ts": {"path":"/Users/adrianosalles/Desktop/Projects/React/my-vue-app/src/app/utils/validatePassword.ts","statementMap":{"0":{"start":{"line":1,"column":32},"end":{"line":19,"column":2}},"1":{"start":{"line":2,"column":2},"end":{"line":2,"column":null}},"2":{"start":{"line":2,"column":17},"end":{"line":2,"column":null}},"3":{"start":{"line":3,"column":2},"end":{"line":5,"column":null}},"4":{"start":{"line":4,"column":4},"end":{"line":4,"column":null}},"5":{"start":{"line":6,"column":2},"end":{"line":8,"column":null}},"6":{"start":{"line":7,"column":4},"end":{"line":7,"column":null}},"7":{"start":{"line":9,"column":2},"end":{"line":11,"column":null}},"8":{"start":{"line":10,"column":4},"end":{"line":10,"column":null}},"9":{"start":{"line":12,"column":2},"end":{"line":14,"column":null}},"10":{"start":{"line":13,"column":4},"end":{"line":13,"column":null}},"11":{"start":{"line":15,"column":2},"end":{"line":17,"column":null}},"12":{"start":{"line":16,"column":4},"end":{"line":16,"column":null}},"13":{"start":{"line":18,"column":2},"end":{"line":18,"column":null}}},"fnMap":{"0":{"name":"(anonymous_0)","decl":{"start":{"line":1,"column":32},"end":{"line":1,"column":33}},"loc":{"start":{"line":1,"column":33},"end":{"line":19,"column":2}}}},"branchMap":{"0":{"loc":{"start":{"line":2,"column":2},"end":{"line":2,"column":null}},"type":"if","locations":[{"start":{"line":2,"column":2},"end":{"line":2,"column":null}},{"start":{},"end":{}}]},"1":{"loc":{"start":{"line":3,"column":2},"end":{"line":5,"column":null}},"type":"if","locations":[{"start":{"line":3,"column":2},"end":{"line":5,"column":null}},{"start":{},"end":{}}]},"2":{"loc":{"start":{"line":6,"column":2},"end":{"line":8,"column":null}},"type":"if","locations":[{"start":{"line":6,"column":2},"end":{"line":8,"column":null}},{"start":{},"end":{}}]},"3":{"loc":{"start":{"line":9,"column":2},"end":{"line":11,"column":null}},"type":"if","locations":[{"start":{"line":9,"column":2},"end":{"line":11,"column":null}},{"start":{},"end":{}}]},"4":{"loc":{"start":{"line":12,"column":2},"end":{"line":14,"column":null}},"type":"if","locations":[{"start":{"line":12,"column":2},"end":{"line":14,"column":null}},{"start":{},"end":{}}]},"5":{"loc":{"start":{"line":15,"column":2},"end":{"line":17,"column":null}},"type":"if","locations":[{"start":{"line":15,"column":2},"end":{"line":17,"column":null}},{"start":{},"end":{}}]}},"s":{"0":1,"1":10,"2":8,"3":2,"4":0,"5":2,"6":0,"7":2,"8":0,"9":2,"10":0,"11":2,"12":0,"13":2},"f":{"0":10},"b":{"0":[8,2],"1":[0,2],"2":[0,2],"3":[0,2],"4":[0,2],"5":[0,2]}}
,"/Users/adrianosalles/Desktop/Projects/React/my-vue-app/src/assets/icons/ArrowRight.tsx": {"path":"/Users/adrianosalles/Desktop/Projects/React/my-vue-app/src/assets/icons/ArrowRight.tsx","statementMap":{"0":{"start":{"line":8,"column":12},"end":{"line":12,"column":1}},"1":{"start":{"line":9,"column":22},"end":{"line":9,"column":43}},"2":{"start":{"line":10,"column":23},"end":{"line":10,"column":44}},"3":{"start":{"line":11,"column":21},"end":{"line":11,"column":44}},"4":{"start":{"line":14,"column":13},"end":{"line":17,"column":1}},"5":{"start":{"line":18,"column":26},"end":{"line":27,"column":2}}},"fnMap":{"0":{"name":"(anonymous_0)","decl":{"start":{"line":9,"column":11},"end":{"line":9,"column":12}},"loc":{"start":{"line":9,"column":22},"end":{"line":9,"column":43}}},"1":{"name":"(anonymous_1)","decl":{"start":{"line":10,"column":12},"end":{"line":10,"column":13}},"loc":{"start":{"line":10,"column":23},"end":{"line":10,"column":44}}},"2":{"name":"(anonymous_2)","decl":{"start":{"line":11,"column":10},"end":{"line":11,"column":11}},"loc":{"start":{"line":11,"column":21},"end":{"line":11,"column":44}}},"3":{"name":"(anonymous_3)","decl":{"start":{"line":18,"column":26},"end":{"line":18,"column":27}},"loc":{"start":{"line":18,"column":57},"end":{"line":27,"column":2}}}},"branchMap":{"0":{"loc":{"start":{"line":9,"column":22},"end":{"line":9,"column":43}},"type":"binary-expr","locations":[{"start":{"line":9,"column":22},"end":{"line":9,"column":32}},{"start":{"line":9,"column":36},"end":{"line":9,"column":43}}]},"1":{"loc":{"start":{"line":10,"column":23},"end":{"line":10,"column":44}},"type":"binary-expr","locations":[{"start":{"line":10,"column":23},"end":{"line":10,"column":33}},{"start":{"line":10,"column":37},"end":{"line":10,"column":44}}]},"2":{"loc":{"start":{"line":11,"column":21},"end":{"line":11,"column":44}},"type":"binary-expr","locations":[{"start":{"line":11,"column":21},"end":{"line":11,"column":32}},{"start":{"line":11,"column":36},"end":{"line":11,"column":44}}]},"3":{"loc":{"start":{"line":18,"column":29},"end":{"line":18,"column":38}},"type":"default-arg","locations":[{"start":{"line":18,"column":36},"end":{"line":18,"column":38}}]},"4":{"loc":{"start":{"line":18,"column":40},"end":{"line":18,"column":55}},"type":"default-arg","locations":[{"start":{"line":18,"column":48},"end":{"line":18,"column":55}}]}},"s":{"0":0,"1":0,"2":0,"3":0,"4":0,"5":0},"f":{"0":0,"1":0,"2":0,"3":0},"b":{"0":[0,0],"1":[0,0],"2":[0,0],"3":[0],"4":[0]}}
,"/Users/adrianosalles/Desktop/Projects/React/my-vue-app/src/assets/icons/EyeOffIcon.tsx": {"path":"/Users/adrianosalles/Desktop/Projects/React/my-vue-app/src/assets/icons/EyeOffIcon.tsx","statementMap":{"0":{"start":{"line":8,"column":12},"end":{"line":12,"column":1}},"1":{"start":{"line":9,"column":22},"end":{"line":9,"column":43}},"2":{"start":{"line":10,"column":23},"end":{"line":10,"column":44}},"3":{"start":{"line":14,"column":13},"end":{"line":17,"column":1}},"4":{"start":{"line":18,"column":26},"end":{"line":27,"column":2}}},"fnMap":{"0":{"name":"(anonymous_0)","decl":{"start":{"line":9,"column":11},"end":{"line":9,"column":12}},"loc":{"start":{"line":9,"column":22},"end":{"line":9,"column":43}}},"1":{"name":"(anonymous_1)","decl":{"start":{"line":10,"column":12},"end":{"line":10,"column":13}},"loc":{"start":{"line":10,"column":23},"end":{"line":10,"column":44}}},"2":{"name":"(anonymous_2)","decl":{"start":{"line":18,"column":26},"end":{"line":18,"column":27}},"loc":{"start":{"line":18,"column":57},"end":{"line":27,"column":2}}}},"branchMap":{"0":{"loc":{"start":{"line":9,"column":22},"end":{"line":9,"column":43}},"type":"binary-expr","locations":[{"start":{"line":9,"column":22},"end":{"line":9,"column":32}},{"start":{"line":9,"column":36},"end":{"line":9,"column":43}}]},"1":{"loc":{"start":{"line":10,"column":23},"end":{"line":10,"column":44}},"type":"binary-expr","locations":[{"start":{"line":10,"column":23},"end":{"line":10,"column":33}},{"start":{"line":10,"column":37},"end":{"line":10,"column":44}}]},"2":{"loc":{"start":{"line":18,"column":29},"end":{"line":18,"column":38}},"type":"default-arg","locations":[{"start":{"line":18,"column":36},"end":{"line":18,"column":38}}]},"3":{"loc":{"start":{"line":18,"column":40},"end":{"line":18,"column":55}},"type":"default-arg","locations":[{"start":{"line":18,"column":48},"end":{"line":18,"column":55}}]}},"s":{"0":0,"1":0,"2":0,"3":0,"4":0},"f":{"0":0,"1":0,"2":0},"b":{"0":[0,0],"1":[0,0],"2":[0],"3":[0]}}
,"/Users/adrianosalles/Desktop/Projects/React/my-vue-app/src/views/components/ButtonGeneral/ButtonGeneral.tsx": {"path":"/Users/adrianosalles/Desktop/Projects/React/my-vue-app/src/views/components/ButtonGeneral/ButtonGeneral.tsx","statementMap":{"0":{"start":{"line":20,"column":24},"end":{"line":48,"column":1}},"1":{"start":{"line":21,"column":26},"end":{"line":21,"column":42}},"2":{"start":{"line":22,"column":30},"end":{"line":22,"column":47}},"3":{"start":{"line":23,"column":28},"end":{"line":23,"column":45}},"4":{"start":{"line":24,"column":28},"end":{"line":24,"column":45}},"5":{"start":{"line":25,"column":39},"end":{"line":25,"column":64}},"6":{"start":{"line":26,"column":41},"end":{"line":26,"column":63}},"7":{"start":{"line":34,"column":6},"end":{"line":34,"column":62}},"8":{"start":{"line":35,"column":4},"end":{"line":37,"column":null}},"9":{"start":{"line":50,"column":25},"end":{"line":66,"column":1}},"10":{"start":{"line":68,"column":29},"end":{"line":93,"column":2}}},"fnMap":{"0":{"name":"(anonymous_0)","decl":{"start":{"line":21,"column":11},"end":{"line":21,"column":12}},"loc":{"start":{"line":21,"column":26},"end":{"line":21,"column":42}}},"1":{"name":"(anonymous_1)","decl":{"start":{"line":22,"column":13},"end":{"line":22,"column":14}},"loc":{"start":{"line":22,"column":30},"end":{"line":22,"column":47}}},"2":{"name":"(anonymous_2)","decl":{"start":{"line":23,"column":12},"end":{"line":23,"column":13}},"loc":{"start":{"line":23,"column":28},"end":{"line":23,"column":45}}},"3":{"name":"(anonymous_3)","decl":{"start":{"line":24,"column":12},"end":{"line":24,"column":13}},"loc":{"start":{"line":24,"column":28},"end":{"line":24,"column":45}}},"4":{"name":"(anonymous_4)","decl":{"start":{"line":25,"column":22},"end":{"line":25,"column":23}},"loc":{"start":{"line":25,"column":39},"end":{"line":25,"column":64}}},"5":{"name":"(anonymous_5)","decl":{"start":{"line":26,"column":19},"end":{"line":26,"column":20}},"loc":{"start":{"line":26,"column":41},"end":{"line":26,"column":63}}},"6":{"name":"(anonymous_6)","decl":{"start":{"line":32,"column":4},"end":{"line":32,"column":5}},"loc":{"start":{"line":32,"column":37},"end":{"line":38,"column":4}}},"7":{"name":"(anonymous_7)","decl":{"start":{"line":68,"column":29},"end":{"line":68,"column":30}},"loc":{"start":{"line":75,"column":14},"end":{"line":93,"column":2}}}},"branchMap":{"0":{"loc":{"start":{"line":21,"column":26},"end":{"line":21,"column":42}},"type":"binary-expr","locations":[{"start":{"line":21,"column":26},"end":{"line":21,"column":35}},{"start":{"line":21,"column":35},"end":{"line":21,"column":42}}]},"1":{"loc":{"start":{"line":22,"column":30},"end":{"line":22,"column":47}},"type":"binary-expr","locations":[{"start":{"line":22,"column":30},"end":{"line":22,"column":41}},{"start":{"line":22,"column":41},"end":{"line":22,"column":47}}]},"2":{"loc":{"start":{"line":23,"column":28},"end":{"line":23,"column":45}},"type":"binary-expr","locations":[{"start":{"line":23,"column":28},"end":{"line":23,"column":38}},{"start":{"line":23,"column":38},"end":{"line":23,"column":45}}]},"3":{"loc":{"start":{"line":24,"column":28},"end":{"line":24,"column":45}},"type":"binary-expr","locations":[{"start":{"line":24,"column":28},"end":{"line":24,"column":38}},{"start":{"line":24,"column":38},"end":{"line":24,"column":45}}]},"4":{"loc":{"start":{"line":25,"column":39},"end":{"line":25,"column":64}},"type":"binary-expr","locations":[{"start":{"line":25,"column":39},"end":{"line":25,"column":50}},{"start":{"line":25,"column":50},"end":{"line":25,"column":64}}]},"5":{"loc":{"start":{"line":26,"column":41},"end":{"line":26,"column":63}},"type":"binary-expr","locations":[{"start":{"line":26,"column":41},"end":{"line":26,"column":57}},{"start":{"line":26,"column":57},"end":{"line":26,"column":63}}]},"6":{"loc":{"start":{"line":32,"column":7},"end":{"line":32,"column":25}},"type":"default-arg","locations":[{"start":{"line":32,"column":16},"end":{"line":32,"column":25}}]},"7":{"loc":{"start":{"line":34,"column":28},"end":{"line":34,"column":62}},"type":"cond-expr","locations":[{"start":{"line":34,"column":39},"end":{"line":34,"column":52}},{"start":{"line":34,"column":52},"end":{"line":34,"column":62}}]},"8":{"loc":{"start":{"line":70,"column":2},"end":{"line":70,"column":17}},"type":"default-arg","locations":[{"start":{"line":70,"column":12},"end":{"line":70,"column":17}}]},"9":{"loc":{"start":{"line":71,"column":2},"end":{"line":71,"column":20}},"type":"default-arg","locations":[{"start":{"line":71,"column":11},"end":{"line":71,"column":20}}]},"10":{"loc":{"start":{"line":72,"column":2},"end":{"line":72,"column":18}},"type":"default-arg","locations":[{"start":{"line":72,"column":13},"end":{"line":72,"column":18}}]},"11":{"loc":{"start":{"line":79,"column":16},"end":{"line":79,"column":null}},"type":"binary-expr","locations":[{"start":{"line":79,"column":16},"end":{"line":79,"column":28}},{"start":{"line":79,"column":28},"end":{"line":79,"column":null}}]},"12":{"loc":{"start":{"line":85,"column":8},"end":{"line":87,"column":9}},"type":"cond-expr","locations":[{"start":{"line":85,"column":8},"end":{"line":87,"column":9}}]}},"s":{"0":1,"1":3,"2":3,"3":3,"4":3,"5":3,"6":3,"7":3,"8":3,"9":1,"10":1},"f":{"0":3,"1":3,"2":3,"3":3,"4":3,"5":3,"6":3,"7":3},"b":{"0":[3,0],"1":[3,3],"2":[3,0],"3":[3,0],"4":[3,0],"5":[3,3],"6":[0],"7":[0,3],"8":[3],"9":[3],"10":[3],"11":[3,3],"12":[0]}}
,"/Users/adrianosalles/Desktop/Projects/React/my-vue-app/src/views/components/ButtonGeneral/style.tsx": {"path":"/Users/adrianosalles/Desktop/Projects/React/my-vue-app/src/views/components/ButtonGeneral/style.tsx","statementMap":{"0":{"start":{"line":18,"column":4},"end":{"line":69,"column":2}}},"fnMap":{},"branchMap":{},"s":{"0":1},"f":{},"b":{}}
,"/Users/adrianosalles/Desktop/Projects/React/my-vue-app/src/views/components/Icon/Icon.tsx": {"path":"/Users/adrianosalles/Desktop/Projects/React/my-vue-app/src/views/components/Icon/Icon.tsx","statementMap":{"0":{"start":{"line":26,"column":18},"end":{"line":26,"column":36}},"1":{"start":{"line":30,"column":2},"end":{"line":36,"column":null}},"2":{"start":{"line":41,"column":21},"end":{"line":44,"column":null}}},"fnMap":{"0":{"name":"Icon","decl":{"start":{"line":19,"column":16},"end":{"line":19,"column":21}},"loc":{"start":{"line":24,"column":12},"end":{"line":39,"column":null}}}},"branchMap":{"0":{"loc":{"start":{"line":30,"column":2},"end":{"line":36,"column":null}},"type":"if","locations":[{"start":{"line":30,"column":2},"end":{"line":36,"column":null}},{"start":{},"end":{}}]}},"s":{"0":0,"1":0,"2":0},"f":{"0":0},"b":{"0":[0,0]}}
,"/Users/adrianosalles/Desktop/Projects/React/my-vue-app/src/views/components/Icon/style.tsx": {"path":"/Users/adrianosalles/Desktop/Projects/React/my-vue-app/src/views/components/Icon/style.tsx","statementMap":{"0":{"start":{"line":3,"column":25},"end":{"line":9,"column":1}}},"fnMap":{},"branchMap":{},"s":{"0":0},"f":{},"b":{}}
,"/Users/adrianosalles/Desktop/Projects/React/my-vue-app/src/views/components/Text/Text.tsx": {"path":"/Users/adrianosalles/Desktop/Projects/React/my-vue-app/src/views/components/Text/Text.tsx","statementMap":{"0":{"start":{"line":12,"column":19},"end":{"line":18,"column":1}},"1":{"start":{"line":13,"column":26},"end":{"line":13,"column":61}},"2":{"start":{"line":14,"column":28},"end":{"line":14,"column":65}},"3":{"start":{"line":15,"column":28},"end":{"line":15,"column":44}},"4":{"start":{"line":16,"column":22},"end":{"line":16,"column":45}},"5":{"start":{"line":17,"column":23},"end":{"line":17,"column":43}},"6":{"start":{"line":31,"column":20},"end":{"line":56,"column":2}},"7":{"start":{"line":42,"column":21},"end":{"line":42,"column":null}}},"fnMap":{"0":{"name":"(anonymous_0)","decl":{"start":{"line":13,"column":15},"end":{"line":13,"column":16}},"loc":{"start":{"line":13,"column":26},"end":{"line":13,"column":61}}},"1":{"name":"(anonymous_1)","decl":{"start":{"line":14,"column":17},"end":{"line":14,"column":18}},"loc":{"start":{"line":14,"column":28},"end":{"line":14,"column":65}}},"2":{"name":"(anonymous_2)","decl":{"start":{"line":15,"column":17},"end":{"line":15,"column":18}},"loc":{"start":{"line":15,"column":28},"end":{"line":15,"column":44}}},"3":{"name":"(anonymous_3)","decl":{"start":{"line":16,"column":11},"end":{"line":16,"column":12}},"loc":{"start":{"line":16,"column":22},"end":{"line":16,"column":45}}},"4":{"name":"(anonymous_4)","decl":{"start":{"line":17,"column":12},"end":{"line":17,"column":13}},"loc":{"start":{"line":17,"column":23},"end":{"line":17,"column":43}}},"5":{"name":"(anonymous_5)","decl":{"start":{"line":31,"column":20},"end":{"line":31,"column":21}},"loc":{"start":{"line":41,"column":12},"end":{"line":56,"column":2}}}},"branchMap":{"0":{"loc":{"start":{"line":16,"column":22},"end":{"line":16,"column":45}},"type":"binary-expr","locations":[{"start":{"line":16,"column":22},"end":{"line":16,"column":33}},{"start":{"line":16,"column":37},"end":{"line":16,"column":45}}]},"1":{"loc":{"start":{"line":17,"column":23},"end":{"line":17,"column":43}},"type":"binary-expr","locations":[{"start":{"line":17,"column":23},"end":{"line":17,"column":35}},{"start":{"line":17,"column":39},"end":{"line":17,"column":43}}]},"2":{"loc":{"start":{"line":33,"column":2},"end":{"line":33,"column":28}},"type":"default-arg","locations":[{"start":{"line":33,"column":11},"end":{"line":33,"column":28}}]},"3":{"loc":{"start":{"line":38,"column":2},"end":{"line":38,"column":17}},"type":"default-arg","locations":[{"start":{"line":38,"column":10},"end":{"line":38,"column":17}}]}},"s":{"0":2,"1":40,"2":40,"3":40,"4":40,"5":40,"6":2,"7":40},"f":{"0":40,"1":40,"2":40,"3":40,"4":40,"5":40},"b":{"0":[40,0],"1":[40,3],"2":[0],"3":[31]}}
,"/Users/adrianosalles/Desktop/Projects/React/my-vue-app/src/views/components/TextInput/TextInput.tsx": {"path":"/Users/adrianosalles/Desktop/Projects/React/my-vue-app/src/views/components/TextInput/TextInput.tsx","statementMap":{"0":{"start":{"line":22,"column":25},"end":{"line":73,"column":2}},"1":{"start":{"line":29,"column":19},"end":{"line":29,"column":null}},"2":{"start":{"line":30,"column":50},"end":{"line":30,"column":null}},"3":{"start":{"line":32,"column":22},"end":{"line":32,"column":null}},"4":{"start":{"line":32,"column":28},"end":{"line":32,"column":null}},"5":{"start":{"line":34,"column":30},"end":{"line":40,"column":null}},"6":{"start":{"line":42,"column":26},"end":{"line":48,"column":null}}},"fnMap":{"0":{"name":"(anonymous_0)","decl":{"start":{"line":22,"column":25},"end":{"line":22,"column":26}},"loc":{"start":{"line":28,"column":17},"end":{"line":73,"column":2}}},"1":{"name":"(anonymous_1)","decl":{"start":{"line":32,"column":22},"end":{"line":32,"column":28}},"loc":{"start":{"line":32,"column":28},"end":{"line":32,"column":null}}}},"branchMap":{"0":{"loc":{"start":{"line":36,"column":17},"end":{"line":36,"column":null}},"type":"cond-expr","locations":[{"start":{"line":36,"column":32},"end":{"line":36,"column":36}},{"start":{"line":36,"column":36},"end":{"line":36,"column":null}}]},"1":{"loc":{"start":{"line":38,"column":17},"end":{"line":38,"column":null}},"type":"cond-expr","locations":[{"start":{"line":38,"column":32},"end":{"line":38,"column":42}},{"start":{"line":38,"column":42},"end":{"line":38,"column":null}}]},"2":{"loc":{"start":{"line":64,"column":9},"end":{"line":64,"column":null}},"type":"binary-expr","locations":[{"start":{"line":64,"column":9},"end":{"line":64,"column":27}},{"start":{"line":64,"column":27},"end":{"line":64,"column":null}}]},"3":{"loc":{"start":{"line":66,"column":7},"end":{"line":66,"column":27}},"type":"binary-expr","locations":[{"start":{"line":66,"column":7},"end":{"line":66,"column":27}},{"start":{"line":66,"column":27},"end":{"line":66,"column":null}}]}},"s":{"0":1,"1":21,"2":21,"3":21,"4":0,"5":21,"6":21},"f":{"0":21,"1":0},"b":{"0":[15,6],"1":[15,6],"2":[21,0],"3":[21,0]}}
,"/Users/adrianosalles/Desktop/Projects/React/my-vue-app/src/views/pages/DashboardTasks/DashboardTasks.tsx": {"path":"/Users/adrianosalles/Desktop/Projects/React/my-vue-app/src/views/pages/DashboardTasks/DashboardTasks.tsx","statementMap":{"0":{"start":{"line":1,"column":30},"end":{"line":3,"column":2}}},"fnMap":{"0":{"name":"(anonymous_0)","decl":{"start":{"line":1,"column":30},"end":{"line":1,"column":null}},"loc":{"start":{"line":1,"column":30},"end":{"line":3,"column":2}}}},"branchMap":{},"s":{"0":0},"f":{"0":0},"b":{}}
,"/Users/adrianosalles/Desktop/Projects/React/my-vue-app/src/views/pages/ErrorPage/ErrorPage.tsx": {"path":"/Users/adrianosalles/Desktop/Projects/React/my-vue-app/src/views/pages/ErrorPage/ErrorPage.tsx","statementMap":{"0":{"start":{"line":1,"column":25},"end":{"line":3,"column":2}}},"fnMap":{"0":{"name":"(anonymous_0)","decl":{"start":{"line":1,"column":25},"end":{"line":1,"column":null}},"loc":{"start":{"line":1,"column":25},"end":{"line":3,"column":2}}}},"branchMap":{},"s":{"0":0},"f":{"0":0},"b":{}}
,"/Users/adrianosalles/Desktop/Projects/React/my-vue-app/src/views/pages/IntroPage/IntroPage.tsx": {"path":"/Users/adrianosalles/Desktop/Projects/React/my-vue-app/src/views/pages/IntroPage/IntroPage.tsx","statementMap":{"0":{"start":{"line":7,"column":25},"end":{"line":47,"column":2}},"1":{"start":{"line":8,"column":19},"end":{"line":8,"column":null}},"2":{"start":{"line":10,"column":22},"end":{"line":12,"column":null}},"3":{"start":{"line":11,"column":4},"end":{"line":11,"column":null}}},"fnMap":{"0":{"name":"(anonymous_0)","decl":{"start":{"line":7,"column":25},"end":{"line":7,"column":null}},"loc":{"start":{"line":7,"column":25},"end":{"line":47,"column":2}}},"1":{"name":"(anonymous_1)","decl":{"start":{"line":10,"column":22},"end":{"line":10,"column":null}},"loc":{"start":{"line":10,"column":22},"end":{"line":12,"column":null}}}},"branchMap":{},"s":{"0":1,"1":3,"2":3,"3":1},"f":{"0":3,"1":1},"b":{}}
,"/Users/adrianosalles/Desktop/Projects/React/my-vue-app/src/views/pages/IntroPage/style.tsx": {"path":"/Users/adrianosalles/Desktop/Projects/React/my-vue-app/src/views/pages/IntroPage/style.tsx","statementMap":{"0":{"start":{"line":3,"column":30},"end":{"line":9,"column":1}},"1":{"start":{"line":11,"column":23},"end":{"line":16,"column":1}},"2":{"start":{"line":18,"column":30},"end":{"line":22,"column":1}},"3":{"start":{"line":24,"column":28},"end":{"line":27,"column":1}}},"fnMap":{},"branchMap":{},"s":{"0":1,"1":1,"2":1,"3":1},"f":{},"b":{}}
,"/Users/adrianosalles/Desktop/Projects/React/my-vue-app/src/views/pages/Login/Login.tsx": {"path":"/Users/adrianosalles/Desktop/Projects/React/my-vue-app/src/views/pages/Login/Login.tsx","statementMap":{"0":{"start":{"line":9,"column":21},"end":{"line":80,"column":2}},"1":{"start":{"line":10,"column":30},"end":{"line":10,"column":null}},"2":{"start":{"line":11,"column":19},"end":{"line":11,"column":null}},"3":{"start":{"line":13,"column":38},"end":{"line":13,"column":null}},"4":{"start":{"line":14,"column":28},"end":{"line":14,"column":null}},"5":{"start":{"line":15,"column":34},"end":{"line":15,"column":null}},"6":{"start":{"line":16,"column":26},"end":{"line":16,"column":null}},"7":{"start":{"line":18,"column":23},"end":{"line":31,"column":null}},"8":{"start":{"line":19,"column":4},"end":{"line":19,"column":null}},"9":{"start":{"line":21,"column":4},"end":{"line":30,"column":null}},"10":{"start":{"line":22,"column":6},"end":{"line":26,"column":null}},"11":{"start":{"line":23,"column":8},"end":{"line":23,"column":null}},"12":{"start":{"line":25,"column":8},"end":{"line":25,"column":null}},"13":{"start":{"line":27,"column":6},"end":{"line":27,"column":null}},"14":{"start":{"line":29,"column":6},"end":{"line":29,"column":null}},"15":{"start":{"line":46,"column":31},"end":{"line":46,"column":null}},"16":{"start":{"line":57,"column":29},"end":{"line":57,"column":null}},"17":{"start":{"line":68,"column":29},"end":{"line":68,"column":null}},"18":{"start":{"line":74,"column":45},"end":{"line":74,"column":null}}},"fnMap":{"0":{"name":"(anonymous_0)","decl":{"start":{"line":9,"column":21},"end":{"line":9,"column":null}},"loc":{"start":{"line":9,"column":21},"end":{"line":80,"column":2}}},"1":{"name":"(anonymous_1)","decl":{"start":{"line":18,"column":23},"end":{"line":18,"column":30}},"loc":{"start":{"line":18,"column":30},"end":{"line":31,"column":null}}},"2":{"name":"(anonymous_2)","decl":{"start":{"line":46,"column":24},"end":{"line":46,"column":25}},"loc":{"start":{"line":46,"column":31},"end":{"line":46,"column":null}}},"3":{"name":"(anonymous_3)","decl":{"start":{"line":57,"column":22},"end":{"line":57,"column":23}},"loc":{"start":{"line":57,"column":29},"end":{"line":57,"column":null}}},"4":{"name":"(anonymous_4)","decl":{"start":{"line":68,"column":22},"end":{"line":68,"column":23}},"loc":{"start":{"line":68,"column":29},"end":{"line":68,"column":null}}},"5":{"name":"(anonymous_5)","decl":{"start":{"line":74,"column":39},"end":{"line":74,"column":45}},"loc":{"start":{"line":74,"column":45},"end":{"line":74,"column":null}}}},"branchMap":{"0":{"loc":{"start":{"line":22,"column":6},"end":{"line":26,"column":null}},"type":"if","locations":[{"start":{"line":22,"column":6},"end":{"line":26,"column":null}},{"start":{"line":24,"column":13},"end":{"line":26,"column":null}}]},"1":{"loc":{"start":{"line":36,"column":9},"end":{"line":36,"column":null}},"type":"cond-expr","locations":[{"start":{"line":36,"column":22},"end":{"line":36,"column":38}},{"start":{"line":36,"column":38},"end":{"line":36,"column":null}}]},"2":{"loc":{"start":{"line":39,"column":9},"end":{"line":39,"column":null}},"type":"binary-expr","locations":[{"start":{"line":39,"column":9},"end":{"line":39,"column":null}}]},"3":{"loc":{"start":{"line":60,"column":24},"end":{"line":60,"column":null}},"type":"cond-expr","locations":[{"start":{"line":60,"column":46},"end":{"line":60,"column":66}},{"start":{"line":60,"column":66},"end":{"line":60,"column":null}}]},"4":{"loc":{"start":{"line":73,"column":31},"end":{"line":73,"column":null}},"type":"cond-expr","locations":[{"start":{"line":73,"column":44},"end":{"line":73,"column":58}},{"start":{"line":73,"column":58},"end":{"line":73,"column":null}}]},"5":{"loc":{"start":{"line":75,"column":11},"end":{"line":75,"column":null}},"type":"cond-expr","locations":[{"start":{"line":75,"column":24},"end":{"line":75,"column":34}},{"start":{"line":75,"column":34},"end":{"line":75,"column":null}}]}},"s":{"0":1,"1":11,"2":11,"3":11,"4":10,"5":10,"6":10,"7":10,"8":1,"9":1,"10":1,"11":0,"12":1,"13":1,"14":0,"15":0,"16":2,"17":2,"18":1},"f":{"0":11,"1":1,"2":0,"3":2,"4":2,"5":1},"b":{"0":[0,1],"1":[1,9],"2":[10],"3":[7,3],"4":[1,9],"5":[1,9]}}
,"/Users/adrianosalles/Desktop/Projects/React/my-vue-app/src/views/pages/Login/styles.tsx": {"path":"/Users/adrianosalles/Desktop/Projects/React/my-vue-app/src/views/pages/Login/styles.tsx","statementMap":{"0":{"start":{"line":3,"column":30},"end":{"line":15,"column":1}},"1":{"start":{"line":17,"column":20},"end":{"line":23,"column":1}},"2":{"start":{"line":25,"column":21},"end":{"line":35,"column":1}},"3":{"start":{"line":37,"column":21},"end":{"line":42,"column":1}},"4":{"start":{"line":44,"column":22},"end":{"line":52,"column":1}}},"fnMap":{},"branchMap":{},"s":{"0":1,"1":1,"2":1,"3":1,"4":1},"f":{},"b":{}}
,"/Users/adrianosalles/Desktop/Projects/React/my-vue-app/src/views/pages/UserRegister/UserRegister.tsx": {"path":"/Users/adrianosalles/Desktop/Projects/React/my-vue-app/src/views/pages/UserRegister/UserRegister.tsx","statementMap":{"0":{"start":{"line":1,"column":28},"end":{"line":3,"column":2}}},"fnMap":{"0":{"name":"(anonymous_0)","decl":{"start":{"line":1,"column":28},"end":{"line":1,"column":null}},"loc":{"start":{"line":1,"column":28},"end":{"line":3,"column":2}}}},"branchMap":{},"s":{"0":0},"f":{"0":0},"b":{}}
,"/Users/adrianosalles/Desktop/Projects/React/my-vue-app/src/views/styles/reset.ts": {"path":"/Users/adrianosalles/Desktop/Projects/React/my-vue-app/src/views/styles/reset.ts","statementMap":{"0":{"start":{"line":3,"column":20},"end":{"line":46,"column":1}}},"fnMap":{},"branchMap":{},"s":{"0":0},"f":{},"b":{}}
,"/Users/adrianosalles/Desktop/Projects/React/my-vue-app/src/views/styles/theme.ts": {"path":"/Users/adrianosalles/Desktop/Projects/React/my-vue-app/src/views/styles/theme.ts","statementMap":{"0":{"start":{"line":3,"column":21},"end":{"line":44,"column":2}}},"fnMap":{},"branchMap":{},"s":{"0":0},"f":{},"b":{}}
}
