{"/Users/adrianosalles/Desktop/Projects/React/slctodo/src/App.tsx": {"path":"/Users/adrianosalles/Desktop/Projects/React/slctodo/src/App.tsx","statementMap":{},"fnMap":{"0":{"name":"App","decl":{"start":{"line":4,"column":9},"end":{"line":4,"column":null}},"loc":{"start":{"line":4,"column":9},"end":{"line":10,"column":null}}}},"branchMap":{},"s":{},"f":{"0":0},"b":{}}
,"/Users/adrianosalles/Desktop/Projects/React/slctodo/src/app/Router/Router.tsx": {"path":"/Users/adrianosalles/Desktop/Projects/React/slctodo/src/app/Router/Router.tsx","statementMap":{"0":{"start":{"line":8,"column":22},"end":{"line":44,"column":2}},"1":{"start":{"line":9,"column":25},"end":{"line":9,"column":null}},"2":{"start":{"line":10,"column":24},"end":{"line":10,"column":null}},"3":{"start":{"line":12,"column":2},"end":{"line":14,"column":null}}},"fnMap":{"0":{"name":"(anonymous_0)","decl":{"start":{"line":8,"column":22},"end":{"line":8,"column":null}},"loc":{"start":{"line":8,"column":22},"end":{"line":44,"column":2}}}},"branchMap":{"0":{"loc":{"start":{"line":12,"column":2},"end":{"line":14,"column":null}},"type":"if","locations":[{"start":{"line":12,"column":2},"end":{"line":14,"column":null}},{"start":{},"end":{}}]},"1":{"loc":{"start":{"line":12,"column":6},"end":{"line":12,"column":57}},"type":"binary-expr","locations":[{"start":{"line":12,"column":6},"end":{"line":12,"column":30}},{"start":{"line":12,"column":34},"end":{"line":12,"column":57}}]},"2":{"loc":{"start":{"line":22,"column":8},"end":{"line":24,"column":9}},"type":"cond-expr","locations":[{"start":{"line":22,"column":8},"end":{"line":24,"column":9}}]},"3":{"loc":{"start":{"line":28,"column":8},"end":{"line":30,"column":9}},"type":"cond-expr","locations":[{"start":{"line":28,"column":8},"end":{"line":30,"column":9}}]}},"s":{"0":0,"1":0,"2":0,"3":0},"f":{"0":0},"b":{"0":[0,0],"1":[0,0],"2":[0],"3":[0]}}
,"/Users/adrianosalles/Desktop/Projects/React/slctodo/src/app/config/fireBaseRoles.ts": {"path":"/Users/adrianosalles/Desktop/Projects/React/slctodo/src/app/config/fireBaseRoles.ts","statementMap":{"0":{"start":{"line":4,"column":27},"end":{"line":28,"column":2}},"1":{"start":{"line":5,"column":2},"end":{"line":27,"column":null}},"2":{"start":{"line":6,"column":21},"end":{"line":6,"column":null}},"3":{"start":{"line":7,"column":14},"end":{"line":7,"column":null}},"4":{"start":{"line":8,"column":26},"end":{"line":8,"column":null}},"5":{"start":{"line":10,"column":4},"end":{"line":12,"column":null}},"6":{"start":{"line":11,"column":6},"end":{"line":11,"column":null}},"7":{"start":{"line":14,"column":20},"end":{"line":14,"column":null}},"8":{"start":{"line":16,"column":17},"end":{"line":16,"column":null}},"9":{"start":{"line":17,"column":4},"end":{"line":21,"column":null}},"10":{"start":{"line":18,"column":6},"end":{"line":20,"column":null}},"11":{"start":{"line":19,"column":8},"end":{"line":19,"column":null}},"12":{"start":{"line":23,"column":4},"end":{"line":23,"column":null}},"13":{"start":{"line":25,"column":4},"end":{"line":25,"column":null}},"14":{"start":{"line":26,"column":4},"end":{"line":26,"column":null}}},"fnMap":{"0":{"name":"(anonymous_0)","decl":{"start":{"line":4,"column":27},"end":{"line":4,"column":34}},"loc":{"start":{"line":4,"column":34},"end":{"line":28,"column":2}}}},"branchMap":{"0":{"loc":{"start":{"line":10,"column":4},"end":{"line":12,"column":null}},"type":"if","locations":[{"start":{"line":10,"column":4},"end":{"line":12,"column":null}},{"start":{},"end":{}}]},"1":{"loc":{"start":{"line":16,"column":17},"end":{"line":16,"column":null}},"type":"binary-expr","locations":[{"start":{"line":16,"column":17},"end":{"line":16,"column":29}},{"start":{"line":16,"column":33},"end":{"line":16,"column":null}}]},"2":{"loc":{"start":{"line":17,"column":4},"end":{"line":21,"column":null}},"type":"if","locations":[{"start":{"line":17,"column":4},"end":{"line":21,"column":null}},{"start":{},"end":{}}]},"3":{"loc":{"start":{"line":18,"column":6},"end":{"line":20,"column":null}},"type":"if","locations":[{"start":{"line":18,"column":6},"end":{"line":20,"column":null}},{"start":{},"end":{}}]}},"s":{"0":0,"1":0,"2":0,"3":0,"4":0,"5":0,"6":0,"7":0,"8":0,"9":0,"10":0,"11":0,"12":0,"13":0,"14":0},"f":{"0":0},"b":{"0":[0,0],"1":[0,0],"2":[0,0],"3":[0,0]}}
,"/Users/adrianosalles/Desktop/Projects/React/slctodo/src/app/config/firebaseConfig.ts": {"path":"/Users/adrianosalles/Desktop/Projects/React/slctodo/src/app/config/firebaseConfig.ts","statementMap":{"0":{"start":{"line":4,"column":40},"end":{"line":12,"column":null}},"1":{"start":{"line":14,"column":20},"end":{"line":14,"column":null}},"2":{"start":{"line":15,"column":20},"end":{"line":15,"column":40}}},"fnMap":{},"branchMap":{},"s":{"0":1,"1":1,"2":1},"f":{},"b":{}}
,"/Users/adrianosalles/Desktop/Projects/React/slctodo/src/app/config/firebaseDb.ts": {"path":"/Users/adrianosalles/Desktop/Projects/React/slctodo/src/app/config/firebaseDb.ts","statementMap":{"0":{"start":{"line":5,"column":18},"end":{"line":5,"column":44}},"1":{"start":{"line":6,"column":20},"end":{"line":6,"column":41}}},"fnMap":{},"branchMap":{},"s":{"0":1,"1":1},"f":{},"b":{}}
,"/Users/adrianosalles/Desktop/Projects/React/slctodo/src/app/config/firebaseTask.ts": {"path":"/Users/adrianosalles/Desktop/Projects/React/slctodo/src/app/config/firebaseTask.ts","statementMap":{"0":{"start":{"line":4,"column":28},"end":{"line":65,"column":2}},"1":{"start":{"line":5,"column":2},"end":{"line":64,"column":null}},"2":{"start":{"line":6,"column":21},"end":{"line":6,"column":null}},"3":{"start":{"line":7,"column":21},"end":{"line":7,"column":null}},"4":{"start":{"line":24,"column":8},"end":{"line":24,"column":null}},"5":{"start":{"line":26,"column":4},"end":{"line":47,"column":null}},"6":{"start":{"line":27,"column":19},"end":{"line":27,"column":null}},"7":{"start":{"line":28,"column":21},"end":{"line":28,"column":30}},"8":{"start":{"line":30,"column":6},"end":{"line":36,"column":null}},"9":{"start":{"line":31,"column":8},"end":{"line":35,"column":null}},"10":{"start":{"line":38,"column":6},"end":{"line":46,"column":null}},"11":{"start":{"line":49,"column":22},"end":{"line":58,"column":null}},"12":{"start":{"line":50,"column":19},"end":{"line":50,"column":36}},"13":{"start":{"line":52,"column":6},"end":{"line":57,"column":null}},"14":{"start":{"line":60,"column":4},"end":{"line":60,"column":null}},"15":{"start":{"line":62,"column":4},"end":{"line":62,"column":null}},"16":{"start":{"line":63,"column":4},"end":{"line":63,"column":null}}},"fnMap":{"0":{"name":"(anonymous_0)","decl":{"start":{"line":4,"column":28},"end":{"line":4,"column":null}},"loc":{"start":{"line":4,"column":28},"end":{"line":65,"column":2}}},"1":{"name":"(anonymous_1)","decl":{"start":{"line":26,"column":26},"end":{"line":26,"column":27}},"loc":{"start":{"line":26,"column":27},"end":{"line":47,"column":null}}},"2":{"name":"(anonymous_2)","decl":{"start":{"line":49,"column":49},"end":{"line":49,"column":50}},"loc":{"start":{"line":49,"column":50},"end":{"line":58,"column":null}}}},"branchMap":{"0":{"loc":{"start":{"line":30,"column":6},"end":{"line":36,"column":null}},"type":"if","locations":[{"start":{"line":30,"column":6},"end":{"line":36,"column":null}},{"start":{},"end":{}}]}},"s":{"0":0,"1":0,"2":0,"3":0,"4":0,"5":0,"6":0,"7":0,"8":0,"9":0,"10":0,"11":0,"12":0,"13":0,"14":0,"15":0,"16":0},"f":{"0":0,"1":0,"2":0},"b":{"0":[0,0]}}
,"/Users/adrianosalles/Desktop/Projects/React/slctodo/src/app/constants/fontTypes.ts": {"path":"/Users/adrianosalles/Desktop/Projects/React/slctodo/src/app/constants/fontTypes.ts","statementMap":{"0":{"start":{"line":11,"column":27},"end":{"line":17,"column":2}},"1":{"start":{"line":22,"column":4},"end":{"line":31,"column":2}}},"fnMap":{},"branchMap":{},"s":{"0":4,"1":4},"f":{},"b":{}}
,"/Users/adrianosalles/Desktop/Projects/React/slctodo/src/app/contexts/AuthProvider/AuthProvider.tsx": {"path":"/Users/adrianosalles/Desktop/Projects/React/slctodo/src/app/contexts/AuthProvider/AuthProvider.tsx","statementMap":{"0":{"start":{"line":17,"column":20},"end":{"line":17,"column":null}},"1":{"start":{"line":19,"column":28},"end":{"line":51,"column":2}},"2":{"start":{"line":20,"column":26},"end":{"line":20,"column":null}},"3":{"start":{"line":21,"column":15},"end":{"line":21,"column":null}},"4":{"start":{"line":23,"column":16},"end":{"line":30,"column":null}},"5":{"start":{"line":24,"column":27},"end":{"line":27,"column":null}},"6":{"start":{"line":29,"column":4},"end":{"line":29,"column":null}},"7":{"start":{"line":32,"column":19},"end":{"line":39,"column":null}},"8":{"start":{"line":33,"column":27},"end":{"line":36,"column":null}},"9":{"start":{"line":38,"column":4},"end":{"line":38,"column":null}},"10":{"start":{"line":41,"column":17},"end":{"line":44,"column":null}},"11":{"start":{"line":42,"column":4},"end":{"line":42,"column":null}},"12":{"start":{"line":43,"column":4},"end":{"line":43,"column":null}},"13":{"start":{"line":53,"column":23},"end":{"line":59,"column":2}},"14":{"start":{"line":54,"column":18},"end":{"line":54,"column":null}},"15":{"start":{"line":55,"column":2},"end":{"line":57,"column":null}},"16":{"start":{"line":56,"column":4},"end":{"line":56,"column":null}},"17":{"start":{"line":58,"column":2},"end":{"line":58,"column":null}}},"fnMap":{"0":{"name":"(anonymous_0)","decl":{"start":{"line":19,"column":28},"end":{"line":19,"column":29}},"loc":{"start":{"line":19,"column":72},"end":{"line":51,"column":2}}},"1":{"name":"(anonymous_1)","decl":{"start":{"line":23,"column":16},"end":{"line":23,"column":23}},"loc":{"start":{"line":23,"column":38},"end":{"line":30,"column":null}}},"2":{"name":"(anonymous_2)","decl":{"start":{"line":32,"column":19},"end":{"line":32,"column":26}},"loc":{"start":{"line":32,"column":41},"end":{"line":39,"column":null}}},"3":{"name":"(anonymous_3)","decl":{"start":{"line":41,"column":17},"end":{"line":41,"column":null}},"loc":{"start":{"line":41,"column":17},"end":{"line":44,"column":null}}},"4":{"name":"(anonymous_4)","decl":{"start":{"line":53,"column":23},"end":{"line":53,"column":null}},"loc":{"start":{"line":53,"column":23},"end":{"line":59,"column":2}}}},"branchMap":{"0":{"loc":{"start":{"line":55,"column":2},"end":{"line":57,"column":null}},"type":"if","locations":[{"start":{"line":55,"column":2},"end":{"line":57,"column":null}},{"start":{},"end":{}}]}},"s":{"0":1,"1":1,"2":4,"3":4,"4":4,"5":0,"6":0,"7":4,"8":0,"9":0,"10":4,"11":0,"12":0,"13":1,"14":12,"15":12,"16":0,"17":12},"f":{"0":4,"1":0,"2":0,"3":0,"4":12},"b":{"0":[0,12]}}
,"/Users/adrianosalles/Desktop/Projects/React/slctodo/src/app/contexts/TaskProvider/TaskProvider.tsx": {"path":"/Users/adrianosalles/Desktop/Projects/React/slctodo/src/app/contexts/TaskProvider/TaskProvider.tsx","statementMap":{"0":{"start":{"line":45,"column":20},"end":{"line":45,"column":null}},"1":{"start":{"line":47,"column":28},"end":{"line":151,"column":2}},"2":{"start":{"line":48,"column":28},"end":{"line":48,"column":null}},"3":{"start":{"line":49,"column":19},"end":{"line":49,"column":null}},"4":{"start":{"line":51,"column":2},"end":{"line":78,"column":null}},"5":{"start":{"line":52,"column":4},"end":{"line":52,"column":null}},"6":{"start":{"line":52,"column":15},"end":{"line":52,"column":null}},"7":{"start":{"line":54,"column":23},"end":{"line":75,"column":null}},"8":{"start":{"line":55,"column":6},"end":{"line":74,"column":null}},"9":{"start":{"line":56,"column":18},"end":{"line":58,"column":null}},"10":{"start":{"line":60,"column":30},"end":{"line":60,"column":null}},"11":{"start":{"line":61,"column":26},"end":{"line":69,"column":null}},"12":{"start":{"line":61,"column":59},"end":{"line":69,"column":null}},"13":{"start":{"line":71,"column":8},"end":{"line":71,"column":null}},"14":{"start":{"line":73,"column":8},"end":{"line":73,"column":null}},"15":{"start":{"line":77,"column":4},"end":{"line":77,"column":null}},"16":{"start":{"line":80,"column":18},"end":{"line":104,"column":null}},"17":{"start":{"line":87,"column":4},"end":{"line":87,"column":null}},"18":{"start":{"line":87,"column":15},"end":{"line":87,"column":null}},"19":{"start":{"line":89,"column":20},"end":{"line":96,"column":null}},"20":{"start":{"line":98,"column":4},"end":{"line":103,"column":null}},"21":{"start":{"line":99,"column":21},"end":{"line":99,"column":null}},"22":{"start":{"line":100,"column":6},"end":{"line":100,"column":null}},"23":{"start":{"line":100,"column":30},"end":{"line":100,"column":null}},"24":{"start":{"line":102,"column":6},"end":{"line":102,"column":null}},"25":{"start":{"line":106,"column":21},"end":{"line":113,"column":null}},"26":{"start":{"line":107,"column":4},"end":{"line":112,"column":null}},"27":{"start":{"line":108,"column":6},"end":{"line":108,"column":null}},"28":{"start":{"line":109,"column":6},"end":{"line":109,"column":null}},"29":{"start":{"line":109,"column":30},"end":{"line":109,"column":null}},"30":{"start":{"line":109,"column":57},"end":{"line":109,"column":null}},"31":{"start":{"line":111,"column":6},"end":{"line":111,"column":null}},"32":{"start":{"line":115,"column":19},"end":{"line":144,"column":null}},"33":{"start":{"line":123,"column":4},"end":{"line":143,"column":null}},"34":{"start":{"line":124,"column":22},"end":{"line":124,"column":null}},"35":{"start":{"line":125,"column":6},"end":{"line":132,"column":null}},"36":{"start":{"line":134,"column":6},"end":{"line":138,"column":null}},"37":{"start":{"line":135,"column":8},"end":{"line":138,"column":null}},"38":{"start":{"line":136,"column":10},"end":{"line":138,"column":null}},"39":{"start":{"line":142,"column":6},"end":{"line":142,"column":null}},"40":{"start":{"line":153,"column":24},"end":{"line":159,"column":2}},"41":{"start":{"line":154,"column":18},"end":{"line":154,"column":null}},"42":{"start":{"line":155,"column":2},"end":{"line":157,"column":null}},"43":{"start":{"line":156,"column":4},"end":{"line":156,"column":null}},"44":{"start":{"line":158,"column":2},"end":{"line":158,"column":null}}},"fnMap":{"0":{"name":"(anonymous_0)","decl":{"start":{"line":47,"column":28},"end":{"line":47,"column":29}},"loc":{"start":{"line":47,"column":72},"end":{"line":151,"column":2}}},"1":{"name":"(anonymous_1)","decl":{"start":{"line":51,"column":12},"end":{"line":51,"column":null}},"loc":{"start":{"line":51,"column":12},"end":{"line":78,"column":5}}},"2":{"name":"(anonymous_2)","decl":{"start":{"line":54,"column":23},"end":{"line":54,"column":null}},"loc":{"start":{"line":54,"column":23},"end":{"line":75,"column":null}}},"3":{"name":"(anonymous_3)","decl":{"start":{"line":61,"column":49},"end":{"line":61,"column":50}},"loc":{"start":{"line":61,"column":59},"end":{"line":69,"column":null}}},"4":{"name":"(anonymous_4)","decl":{"start":{"line":80,"column":18},"end":{"line":80,"column":null}},"loc":{"start":{"line":85,"column":4},"end":{"line":104,"column":null}}},"5":{"name":"(anonymous_5)","decl":{"start":{"line":100,"column":15},"end":{"line":100,"column":16}},"loc":{"start":{"line":100,"column":30},"end":{"line":100,"column":null}}},"6":{"name":"(anonymous_6)","decl":{"start":{"line":106,"column":21},"end":{"line":106,"column":28}},"loc":{"start":{"line":106,"column":28},"end":{"line":113,"column":null}}},"7":{"name":"(anonymous_7)","decl":{"start":{"line":109,"column":15},"end":{"line":109,"column":16}},"loc":{"start":{"line":109,"column":30},"end":{"line":109,"column":null}}},"8":{"name":"(anonymous_8)","decl":{"start":{"line":109,"column":47},"end":{"line":109,"column":48}},"loc":{"start":{"line":109,"column":57},"end":{"line":109,"column":null}}},"9":{"name":"(anonymous_9)","decl":{"start":{"line":115,"column":19},"end":{"line":115,"column":null}},"loc":{"start":{"line":121,"column":4},"end":{"line":144,"column":null}}},"10":{"name":"(anonymous_10)","decl":{"start":{"line":134,"column":15},"end":{"line":134,"column":16}},"loc":{"start":{"line":135,"column":8},"end":{"line":138,"column":null}}},"11":{"name":"(anonymous_11)","decl":{"start":{"line":135,"column":22},"end":{"line":135,"column":23}},"loc":{"start":{"line":136,"column":10},"end":{"line":138,"column":null}}},"12":{"name":"(anonymous_12)","decl":{"start":{"line":153,"column":24},"end":{"line":153,"column":null}},"loc":{"start":{"line":153,"column":24},"end":{"line":159,"column":2}}}},"branchMap":{"0":{"loc":{"start":{"line":52,"column":4},"end":{"line":52,"column":null}},"type":"if","locations":[{"start":{"line":52,"column":4},"end":{"line":52,"column":null}},{"start":{},"end":{}}]},"1":{"loc":{"start":{"line":66,"column":19},"end":{"line":66,"column":null}},"type":"binary-expr","locations":[{"start":{"line":66,"column":19},"end":{"line":66,"column":37}},{"start":{"line":66,"column":41},"end":{"line":66,"column":null}}]},"2":{"loc":{"start":{"line":67,"column":20},"end":{"line":67,"column":null}},"type":"binary-expr","locations":[{"start":{"line":67,"column":20},"end":{"line":67,"column":39}},{"start":{"line":67,"column":43},"end":{"line":67,"column":null}}]},"3":{"loc":{"start":{"line":68,"column":18},"end":{"line":68,"column":null}},"type":"binary-expr","locations":[{"start":{"line":68,"column":18},"end":{"line":68,"column":35}},{"start":{"line":68,"column":39},"end":{"line":68,"column":null}}]},"4":{"loc":{"start":{"line":87,"column":4},"end":{"line":87,"column":null}},"type":"if","locations":[{"start":{"line":87,"column":4},"end":{"line":87,"column":null}},{"start":{},"end":{}}]},"5":{"loc":{"start":{"line":93,"column":15},"end":{"line":93,"column":null}},"type":"binary-expr","locations":[{"start":{"line":93,"column":15},"end":{"line":93,"column":26}},{"start":{"line":93,"column":26},"end":{"line":93,"column":null}}]},"6":{"loc":{"start":{"line":94,"column":16},"end":{"line":94,"column":null}},"type":"binary-expr","locations":[{"start":{"line":94,"column":16},"end":{"line":94,"column":28}},{"start":{"line":94,"column":28},"end":{"line":94,"column":null}}]},"7":{"loc":{"start":{"line":95,"column":14},"end":{"line":95,"column":null}},"type":"binary-expr","locations":[{"start":{"line":95,"column":14},"end":{"line":95,"column":24}},{"start":{"line":95,"column":24},"end":{"line":95,"column":null}}]},"8":{"loc":{"start":{"line":136,"column":10},"end":{"line":138,"column":null}},"type":"cond-expr","locations":[{"start":{"line":137,"column":14},"end":{"line":137,"column":null}},{"start":{"line":138,"column":14},"end":{"line":138,"column":null}}]},"9":{"loc":{"start":{"line":155,"column":2},"end":{"line":157,"column":null}},"type":"if","locations":[{"start":{"line":155,"column":2},"end":{"line":157,"column":null}},{"start":{},"end":{}}]}},"s":{"0":1,"1":1,"2":12,"3":12,"4":12,"5":8,"6":8,"7":0,"8":0,"9":0,"10":0,"11":0,"12":0,"13":0,"14":0,"15":0,"16":12,"17":0,"18":0,"19":0,"20":0,"21":0,"22":0,"23":0,"24":0,"25":12,"26":0,"27":0,"28":0,"29":0,"30":0,"31":0,"32":12,"33":0,"34":0,"35":0,"36":0,"37":0,"38":0,"39":0,"40":1,"41":0,"42":0,"43":0,"44":0},"f":{"0":12,"1":8,"2":0,"3":0,"4":0,"5":0,"6":0,"7":0,"8":0,"9":0,"10":0,"11":0,"12":0},"b":{"0":[8,0],"1":[0,0],"2":[0,0],"3":[0,0],"4":[0,0],"5":[0,0],"6":[0,0],"7":[0,0],"8":[0,0],"9":[0,0]}}
,"/Users/adrianosalles/Desktop/Projects/React/slctodo/src/app/hooks/useProtectedRoute.tsx": {"path":"/Users/adrianosalles/Desktop/Projects/React/slctodo/src/app/hooks/useProtectedRoute.tsx","statementMap":{"0":{"start":{"line":10,"column":33},"end":{"line":30,"column":2}},"1":{"start":{"line":11,"column":19},"end":{"line":11,"column":null}},"2":{"start":{"line":12,"column":42},"end":{"line":12,"column":null}},"3":{"start":{"line":13,"column":36},"end":{"line":13,"column":null}},"4":{"start":{"line":15,"column":2},"end":{"line":27,"column":null}},"5":{"start":{"line":16,"column":22},"end":{"line":24,"column":null}},"6":{"start":{"line":17,"column":6},"end":{"line":22,"column":null}},"7":{"start":{"line":18,"column":21},"end":{"line":18,"column":null}},"8":{"start":{"line":19,"column":8},"end":{"line":19,"column":null}},"9":{"start":{"line":21,"column":8},"end":{"line":21,"column":null}},"10":{"start":{"line":23,"column":6},"end":{"line":23,"column":null}},"11":{"start":{"line":26,"column":4},"end":{"line":26,"column":null}},"12":{"start":{"line":29,"column":2},"end":{"line":29,"column":null}}},"fnMap":{"0":{"name":"(anonymous_0)","decl":{"start":{"line":10,"column":33},"end":{"line":10,"column":34}},"loc":{"start":{"line":10,"column":34},"end":{"line":30,"column":2}}},"1":{"name":"(anonymous_1)","decl":{"start":{"line":15,"column":12},"end":{"line":15,"column":null}},"loc":{"start":{"line":15,"column":12},"end":{"line":27,"column":5}}},"2":{"name":"(anonymous_2)","decl":{"start":{"line":16,"column":22},"end":{"line":16,"column":null}},"loc":{"start":{"line":16,"column":22},"end":{"line":24,"column":null}}}},"branchMap":{"0":{"loc":{"start":{"line":17,"column":6},"end":{"line":22,"column":null}},"type":"if","locations":[{"start":{"line":17,"column":6},"end":{"line":22,"column":null}},{"start":{"line":20,"column":13},"end":{"line":22,"column":null}}]},"1":{"loc":{"start":{"line":18,"column":21},"end":{"line":18,"column":null}},"type":"cond-expr","locations":[{"start":{"line":18,"column":34},"end":{"line":18,"column":66}},{"start":{"line":18,"column":66},"end":{"line":18,"column":null}}]},"2":{"loc":{"start":{"line":19,"column":46},"end":{"line":19,"column":null}},"type":"binary-expr","locations":[{"start":{"line":19,"column":46},"end":{"line":19,"column":54}},{"start":{"line":19,"column":54},"end":{"line":19,"column":null}}]}},"s":{"0":0,"1":0,"2":0,"3":0,"4":0,"5":0,"6":0,"7":0,"8":0,"9":0,"10":0,"11":0,"12":0},"f":{"0":0,"1":0,"2":0},"b":{"0":[0,0],"1":[0,0],"2":[0,0]}}
,"/Users/adrianosalles/Desktop/Projects/React/slctodo/src/app/utils/getFontFamily.ts": {"path":"/Users/adrianosalles/Desktop/Projects/React/slctodo/src/app/utils/getFontFamily.ts","statementMap":{"0":{"start":{"line":3,"column":29},"end":{"line":26,"column":2}},"1":{"start":{"line":9,"column":2},"end":{"line":15,"column":null}},"2":{"start":{"line":14,"column":4},"end":{"line":14,"column":null}},"3":{"start":{"line":16,"column":2},"end":{"line":25,"column":null}},"4":{"start":{"line":18,"column":6},"end":{"line":18,"column":null}},"5":{"start":{"line":20,"column":6},"end":{"line":20,"column":null}},"6":{"start":{"line":22,"column":6},"end":{"line":22,"column":null}},"7":{"start":{"line":24,"column":6},"end":{"line":24,"column":null}}},"fnMap":{"0":{"name":"(anonymous_0)","decl":{"start":{"line":3,"column":29},"end":{"line":3,"column":null}},"loc":{"start":{"line":7,"column":2},"end":{"line":26,"column":2}}}},"branchMap":{"0":{"loc":{"start":{"line":9,"column":2},"end":{"line":15,"column":null}},"type":"if","locations":[{"start":{"line":9,"column":2},"end":{"line":15,"column":null}},{"start":{},"end":{}}]},"1":{"loc":{"start":{"line":10,"column":4},"end":{"line":12,"column":null}},"type":"binary-expr","locations":[{"start":{"line":10,"column":4},"end":{"line":10,"column":null}},{"start":{"line":11,"column":4},"end":{"line":11,"column":null}},{"start":{"line":12,"column":4},"end":{"line":12,"column":null}}]},"2":{"loc":{"start":{"line":16,"column":2},"end":{"line":25,"column":null}},"type":"switch","locations":[{"start":{"line":17,"column":4},"end":{"line":18,"column":null}},{"start":{"line":19,"column":4},"end":{"line":20,"column":null}},{"start":{"line":21,"column":4},"end":{"line":22,"column":null}},{"start":{"line":23,"column":4},"end":{"line":24,"column":null}}]}},"s":{"0":4,"1":64,"2":26,"3":38,"4":13,"5":25,"6":0,"7":0},"f":{"0":64},"b":{"0":[26,38],"1":[64,41,41],"2":[13,25,0,0]}}
,"/Users/adrianosalles/Desktop/Projects/React/slctodo/src/app/utils/validateEmail.ts": {"path":"/Users/adrianosalles/Desktop/Projects/React/slctodo/src/app/utils/validateEmail.ts","statementMap":{"0":{"start":{"line":1,"column":28},"end":{"line":6,"column":2}},"1":{"start":{"line":2,"column":21},"end":{"line":2,"column":null}},"2":{"start":{"line":3,"column":2},"end":{"line":3,"column":null}},"3":{"start":{"line":3,"column":14},"end":{"line":3,"column":null}},"4":{"start":{"line":4,"column":2},"end":{"line":4,"column":null}},"5":{"start":{"line":4,"column":31},"end":{"line":4,"column":null}},"6":{"start":{"line":5,"column":2},"end":{"line":5,"column":null}}},"fnMap":{"0":{"name":"(anonymous_0)","decl":{"start":{"line":1,"column":28},"end":{"line":1,"column":29}},"loc":{"start":{"line":1,"column":29},"end":{"line":6,"column":2}}}},"branchMap":{"0":{"loc":{"start":{"line":3,"column":2},"end":{"line":3,"column":null}},"type":"if","locations":[{"start":{"line":3,"column":2},"end":{"line":3,"column":null}},{"start":{},"end":{}}]},"1":{"loc":{"start":{"line":4,"column":2},"end":{"line":4,"column":null}},"type":"if","locations":[{"start":{"line":4,"column":2},"end":{"line":4,"column":null}},{"start":{},"end":{}}]}},"s":{"0":1,"1":5,"2":5,"3":0,"4":5,"5":0,"6":5},"f":{"0":5},"b":{"0":[0,5],"1":[0,5]}}
,"/Users/adrianosalles/Desktop/Projects/React/slctodo/src/app/utils/validatePassword.ts": {"path":"/Users/adrianosalles/Desktop/Projects/React/slctodo/src/app/utils/validatePassword.ts","statementMap":{"0":{"start":{"line":1,"column":32},"end":{"line":19,"column":2}},"1":{"start":{"line":2,"column":2},"end":{"line":2,"column":null}},"2":{"start":{"line":2,"column":17},"end":{"line":2,"column":null}},"3":{"start":{"line":3,"column":2},"end":{"line":5,"column":null}},"4":{"start":{"line":4,"column":4},"end":{"line":4,"column":null}},"5":{"start":{"line":6,"column":2},"end":{"line":8,"column":null}},"6":{"start":{"line":7,"column":4},"end":{"line":7,"column":null}},"7":{"start":{"line":9,"column":2},"end":{"line":11,"column":null}},"8":{"start":{"line":10,"column":4},"end":{"line":10,"column":null}},"9":{"start":{"line":12,"column":2},"end":{"line":14,"column":null}},"10":{"start":{"line":13,"column":4},"end":{"line":13,"column":null}},"11":{"start":{"line":15,"column":2},"end":{"line":17,"column":null}},"12":{"start":{"line":16,"column":4},"end":{"line":16,"column":null}},"13":{"start":{"line":18,"column":2},"end":{"line":18,"column":null}}},"fnMap":{"0":{"name":"(anonymous_0)","decl":{"start":{"line":1,"column":32},"end":{"line":1,"column":33}},"loc":{"start":{"line":1,"column":33},"end":{"line":19,"column":2}}}},"branchMap":{"0":{"loc":{"start":{"line":2,"column":2},"end":{"line":2,"column":null}},"type":"if","locations":[{"start":{"line":2,"column":2},"end":{"line":2,"column":null}},{"start":{},"end":{}}]},"1":{"loc":{"start":{"line":3,"column":2},"end":{"line":5,"column":null}},"type":"if","locations":[{"start":{"line":3,"column":2},"end":{"line":5,"column":null}},{"start":{},"end":{}}]},"2":{"loc":{"start":{"line":6,"column":2},"end":{"line":8,"column":null}},"type":"if","locations":[{"start":{"line":6,"column":2},"end":{"line":8,"column":null}},{"start":{},"end":{}}]},"3":{"loc":{"start":{"line":9,"column":2},"end":{"line":11,"column":null}},"type":"if","locations":[{"start":{"line":9,"column":2},"end":{"line":11,"column":null}},{"start":{},"end":{}}]},"4":{"loc":{"start":{"line":12,"column":2},"end":{"line":14,"column":null}},"type":"if","locations":[{"start":{"line":12,"column":2},"end":{"line":14,"column":null}},{"start":{},"end":{}}]},"5":{"loc":{"start":{"line":15,"column":2},"end":{"line":17,"column":null}},"type":"if","locations":[{"start":{"line":15,"column":2},"end":{"line":17,"column":null}},{"start":{},"end":{}}]}},"s":{"0":1,"1":12,"2":8,"3":4,"4":0,"5":4,"6":0,"7":4,"8":0,"9":4,"10":0,"11":4,"12":0,"13":4},"f":{"0":12},"b":{"0":[8,4],"1":[0,4],"2":[0,4],"3":[0,4],"4":[0,4],"5":[0,4]}}
,"/Users/adrianosalles/Desktop/Projects/React/slctodo/src/assets/icons/ArrowRight.tsx": {"path":"/Users/adrianosalles/Desktop/Projects/React/slctodo/src/assets/icons/ArrowRight.tsx","statementMap":{"0":{"start":{"line":8,"column":12},"end":{"line":12,"column":1}},"1":{"start":{"line":9,"column":22},"end":{"line":9,"column":43}},"2":{"start":{"line":10,"column":23},"end":{"line":10,"column":44}},"3":{"start":{"line":11,"column":21},"end":{"line":11,"column":44}},"4":{"start":{"line":14,"column":13},"end":{"line":17,"column":1}},"5":{"start":{"line":18,"column":26},"end":{"line":27,"column":2}}},"fnMap":{"0":{"name":"(anonymous_0)","decl":{"start":{"line":9,"column":11},"end":{"line":9,"column":12}},"loc":{"start":{"line":9,"column":22},"end":{"line":9,"column":43}}},"1":{"name":"(anonymous_1)","decl":{"start":{"line":10,"column":12},"end":{"line":10,"column":13}},"loc":{"start":{"line":10,"column":23},"end":{"line":10,"column":44}}},"2":{"name":"(anonymous_2)","decl":{"start":{"line":11,"column":10},"end":{"line":11,"column":11}},"loc":{"start":{"line":11,"column":21},"end":{"line":11,"column":44}}},"3":{"name":"(anonymous_3)","decl":{"start":{"line":18,"column":26},"end":{"line":18,"column":27}},"loc":{"start":{"line":18,"column":57},"end":{"line":27,"column":2}}}},"branchMap":{"0":{"loc":{"start":{"line":9,"column":22},"end":{"line":9,"column":43}},"type":"binary-expr","locations":[{"start":{"line":9,"column":22},"end":{"line":9,"column":32}},{"start":{"line":9,"column":36},"end":{"line":9,"column":43}}]},"1":{"loc":{"start":{"line":10,"column":23},"end":{"line":10,"column":44}},"type":"binary-expr","locations":[{"start":{"line":10,"column":23},"end":{"line":10,"column":33}},{"start":{"line":10,"column":37},"end":{"line":10,"column":44}}]},"2":{"loc":{"start":{"line":11,"column":21},"end":{"line":11,"column":44}},"type":"binary-expr","locations":[{"start":{"line":11,"column":21},"end":{"line":11,"column":32}},{"start":{"line":11,"column":36},"end":{"line":11,"column":44}}]},"3":{"loc":{"start":{"line":18,"column":29},"end":{"line":18,"column":38}},"type":"default-arg","locations":[{"start":{"line":18,"column":36},"end":{"line":18,"column":38}}]},"4":{"loc":{"start":{"line":18,"column":40},"end":{"line":18,"column":55}},"type":"default-arg","locations":[{"start":{"line":18,"column":48},"end":{"line":18,"column":55}}]}},"s":{"0":1,"1":0,"2":0,"3":0,"4":1,"5":1},"f":{"0":0,"1":0,"2":0,"3":0},"b":{"0":[0,0],"1":[0,0],"2":[0,0],"3":[0],"4":[0]}}
,"/Users/adrianosalles/Desktop/Projects/React/slctodo/src/assets/icons/Attachment.tsx": {"path":"/Users/adrianosalles/Desktop/Projects/React/slctodo/src/assets/icons/Attachment.tsx","statementMap":{"0":{"start":{"line":8,"column":12},"end":{"line":12,"column":1}},"1":{"start":{"line":9,"column":22},"end":{"line":9,"column":43}},"2":{"start":{"line":10,"column":23},"end":{"line":10,"column":44}},"3":{"start":{"line":11,"column":21},"end":{"line":11,"column":44}},"4":{"start":{"line":14,"column":30},"end":{"line":25,"column":2}}},"fnMap":{"0":{"name":"(anonymous_0)","decl":{"start":{"line":9,"column":11},"end":{"line":9,"column":12}},"loc":{"start":{"line":9,"column":22},"end":{"line":9,"column":43}}},"1":{"name":"(anonymous_1)","decl":{"start":{"line":10,"column":12},"end":{"line":10,"column":13}},"loc":{"start":{"line":10,"column":23},"end":{"line":10,"column":44}}},"2":{"name":"(anonymous_2)","decl":{"start":{"line":11,"column":10},"end":{"line":11,"column":11}},"loc":{"start":{"line":11,"column":21},"end":{"line":11,"column":44}}},"3":{"name":"(anonymous_3)","decl":{"start":{"line":14,"column":30},"end":{"line":14,"column":31}},"loc":{"start":{"line":14,"column":44},"end":{"line":25,"column":2}}}},"branchMap":{"0":{"loc":{"start":{"line":9,"column":22},"end":{"line":9,"column":43}},"type":"binary-expr","locations":[{"start":{"line":9,"column":22},"end":{"line":9,"column":32}},{"start":{"line":9,"column":36},"end":{"line":9,"column":43}}]},"1":{"loc":{"start":{"line":10,"column":23},"end":{"line":10,"column":44}},"type":"binary-expr","locations":[{"start":{"line":10,"column":23},"end":{"line":10,"column":33}},{"start":{"line":10,"column":37},"end":{"line":10,"column":44}}]},"2":{"loc":{"start":{"line":11,"column":21},"end":{"line":11,"column":44}},"type":"binary-expr","locations":[{"start":{"line":11,"column":21},"end":{"line":11,"column":32}},{"start":{"line":11,"column":36},"end":{"line":11,"column":44}}]},"3":{"loc":{"start":{"line":14,"column":33},"end":{"line":14,"column":42}},"type":"default-arg","locations":[{"start":{"line":14,"column":40},"end":{"line":14,"column":42}}]}},"s":{"0":1,"1":0,"2":0,"3":0,"4":1},"f":{"0":0,"1":0,"2":0,"3":0},"b":{"0":[0,0],"1":[0,0],"2":[0,0],"3":[0]}}
,"/Users/adrianosalles/Desktop/Projects/React/slctodo/src/assets/icons/CancelRound.tsx": {"path":"/Users/adrianosalles/Desktop/Projects/React/slctodo/src/assets/icons/CancelRound.tsx","statementMap":{"0":{"start":{"line":8,"column":12},"end":{"line":12,"column":1}},"1":{"start":{"line":9,"column":22},"end":{"line":9,"column":43}},"2":{"start":{"line":10,"column":23},"end":{"line":10,"column":44}},"3":{"start":{"line":11,"column":21},"end":{"line":11,"column":46}},"4":{"start":{"line":14,"column":13},"end":{"line":17,"column":1}},"5":{"start":{"line":19,"column":15},"end":{"line":21,"column":1}},"6":{"start":{"line":20,"column":21},"end":{"line":20,"column":46}},"7":{"start":{"line":22,"column":27},"end":{"line":34,"column":2}}},"fnMap":{"0":{"name":"(anonymous_0)","decl":{"start":{"line":9,"column":11},"end":{"line":9,"column":12}},"loc":{"start":{"line":9,"column":22},"end":{"line":9,"column":43}}},"1":{"name":"(anonymous_1)","decl":{"start":{"line":10,"column":12},"end":{"line":10,"column":13}},"loc":{"start":{"line":10,"column":23},"end":{"line":10,"column":44}}},"2":{"name":"(anonymous_2)","decl":{"start":{"line":11,"column":10},"end":{"line":11,"column":11}},"loc":{"start":{"line":11,"column":21},"end":{"line":11,"column":46}}},"3":{"name":"(anonymous_3)","decl":{"start":{"line":20,"column":10},"end":{"line":20,"column":11}},"loc":{"start":{"line":20,"column":21},"end":{"line":20,"column":46}}},"4":{"name":"(anonymous_4)","decl":{"start":{"line":22,"column":27},"end":{"line":22,"column":28}},"loc":{"start":{"line":22,"column":60},"end":{"line":34,"column":2}}}},"branchMap":{"0":{"loc":{"start":{"line":9,"column":22},"end":{"line":9,"column":43}},"type":"binary-expr","locations":[{"start":{"line":9,"column":22},"end":{"line":9,"column":32}},{"start":{"line":9,"column":36},"end":{"line":9,"column":43}}]},"1":{"loc":{"start":{"line":10,"column":23},"end":{"line":10,"column":44}},"type":"binary-expr","locations":[{"start":{"line":10,"column":23},"end":{"line":10,"column":33}},{"start":{"line":10,"column":37},"end":{"line":10,"column":44}}]},"2":{"loc":{"start":{"line":11,"column":21},"end":{"line":11,"column":46}},"type":"binary-expr","locations":[{"start":{"line":11,"column":21},"end":{"line":11,"column":32}},{"start":{"line":11,"column":36},"end":{"line":11,"column":46}}]},"3":{"loc":{"start":{"line":20,"column":21},"end":{"line":20,"column":46}},"type":"binary-expr","locations":[{"start":{"line":20,"column":21},"end":{"line":20,"column":32}},{"start":{"line":20,"column":36},"end":{"line":20,"column":46}}]},"4":{"loc":{"start":{"line":22,"column":30},"end":{"line":22,"column":39}},"type":"default-arg","locations":[{"start":{"line":22,"column":37},"end":{"line":22,"column":39}}]},"5":{"loc":{"start":{"line":22,"column":41},"end":{"line":22,"column":58}},"type":"default-arg","locations":[{"start":{"line":22,"column":49},"end":{"line":22,"column":58}}]}},"s":{"0":1,"1":0,"2":0,"3":0,"4":1,"5":1,"6":0,"7":1},"f":{"0":0,"1":0,"2":0,"3":0,"4":0},"b":{"0":[0,0],"1":[0,0],"2":[0,0],"3":[0,0],"4":[0],"5":[0]}}
,"/Users/adrianosalles/Desktop/Projects/React/slctodo/src/assets/icons/CheckRound.tsx": {"path":"/Users/adrianosalles/Desktop/Projects/React/slctodo/src/assets/icons/CheckRound.tsx","statementMap":{"0":{"start":{"line":8,"column":12},"end":{"line":12,"column":1}},"1":{"start":{"line":9,"column":22},"end":{"line":9,"column":43}},"2":{"start":{"line":10,"column":23},"end":{"line":10,"column":44}},"3":{"start":{"line":11,"column":21},"end":{"line":11,"column":46}},"4":{"start":{"line":14,"column":13},"end":{"line":17,"column":1}},"5":{"start":{"line":19,"column":15},"end":{"line":21,"column":1}},"6":{"start":{"line":20,"column":21},"end":{"line":20,"column":46}},"7":{"start":{"line":22,"column":26},"end":{"line":34,"column":2}}},"fnMap":{"0":{"name":"(anonymous_0)","decl":{"start":{"line":9,"column":11},"end":{"line":9,"column":12}},"loc":{"start":{"line":9,"column":22},"end":{"line":9,"column":43}}},"1":{"name":"(anonymous_1)","decl":{"start":{"line":10,"column":12},"end":{"line":10,"column":13}},"loc":{"start":{"line":10,"column":23},"end":{"line":10,"column":44}}},"2":{"name":"(anonymous_2)","decl":{"start":{"line":11,"column":10},"end":{"line":11,"column":11}},"loc":{"start":{"line":11,"column":21},"end":{"line":11,"column":46}}},"3":{"name":"(anonymous_3)","decl":{"start":{"line":20,"column":10},"end":{"line":20,"column":11}},"loc":{"start":{"line":20,"column":21},"end":{"line":20,"column":46}}},"4":{"name":"(anonymous_4)","decl":{"start":{"line":22,"column":26},"end":{"line":22,"column":27}},"loc":{"start":{"line":22,"column":59},"end":{"line":34,"column":2}}}},"branchMap":{"0":{"loc":{"start":{"line":9,"column":22},"end":{"line":9,"column":43}},"type":"binary-expr","locations":[{"start":{"line":9,"column":22},"end":{"line":9,"column":32}},{"start":{"line":9,"column":36},"end":{"line":9,"column":43}}]},"1":{"loc":{"start":{"line":10,"column":23},"end":{"line":10,"column":44}},"type":"binary-expr","locations":[{"start":{"line":10,"column":23},"end":{"line":10,"column":33}},{"start":{"line":10,"column":37},"end":{"line":10,"column":44}}]},"2":{"loc":{"start":{"line":11,"column":21},"end":{"line":11,"column":46}},"type":"binary-expr","locations":[{"start":{"line":11,"column":21},"end":{"line":11,"column":32}},{"start":{"line":11,"column":36},"end":{"line":11,"column":46}}]},"3":{"loc":{"start":{"line":20,"column":21},"end":{"line":20,"column":46}},"type":"binary-expr","locations":[{"start":{"line":20,"column":21},"end":{"line":20,"column":32}},{"start":{"line":20,"column":36},"end":{"line":20,"column":46}}]},"4":{"loc":{"start":{"line":22,"column":29},"end":{"line":22,"column":38}},"type":"default-arg","locations":[{"start":{"line":22,"column":36},"end":{"line":22,"column":38}}]},"5":{"loc":{"start":{"line":22,"column":40},"end":{"line":22,"column":57}},"type":"default-arg","locations":[{"start":{"line":22,"column":48},"end":{"line":22,"column":57}}]}},"s":{"0":1,"1":0,"2":0,"3":0,"4":1,"5":1,"6":0,"7":1},"f":{"0":0,"1":0,"2":0,"3":0,"4":0},"b":{"0":[0,0],"1":[0,0],"2":[0,0],"3":[0,0],"4":[0],"5":[0]}}
,"/Users/adrianosalles/Desktop/Projects/React/slctodo/src/assets/icons/Description.tsx": {"path":"/Users/adrianosalles/Desktop/Projects/React/slctodo/src/assets/icons/Description.tsx","statementMap":{"0":{"start":{"line":8,"column":12},"end":{"line":12,"column":1}},"1":{"start":{"line":9,"column":22},"end":{"line":9,"column":43}},"2":{"start":{"line":10,"column":23},"end":{"line":10,"column":44}},"3":{"start":{"line":11,"column":21},"end":{"line":11,"column":44}},"4":{"start":{"line":14,"column":31},"end":{"line":25,"column":2}}},"fnMap":{"0":{"name":"(anonymous_0)","decl":{"start":{"line":9,"column":11},"end":{"line":9,"column":12}},"loc":{"start":{"line":9,"column":22},"end":{"line":9,"column":43}}},"1":{"name":"(anonymous_1)","decl":{"start":{"line":10,"column":12},"end":{"line":10,"column":13}},"loc":{"start":{"line":10,"column":23},"end":{"line":10,"column":44}}},"2":{"name":"(anonymous_2)","decl":{"start":{"line":11,"column":10},"end":{"line":11,"column":11}},"loc":{"start":{"line":11,"column":21},"end":{"line":11,"column":44}}},"3":{"name":"(anonymous_3)","decl":{"start":{"line":14,"column":31},"end":{"line":14,"column":32}},"loc":{"start":{"line":14,"column":45},"end":{"line":25,"column":2}}}},"branchMap":{"0":{"loc":{"start":{"line":9,"column":22},"end":{"line":9,"column":43}},"type":"binary-expr","locations":[{"start":{"line":9,"column":22},"end":{"line":9,"column":32}},{"start":{"line":9,"column":36},"end":{"line":9,"column":43}}]},"1":{"loc":{"start":{"line":10,"column":23},"end":{"line":10,"column":44}},"type":"binary-expr","locations":[{"start":{"line":10,"column":23},"end":{"line":10,"column":33}},{"start":{"line":10,"column":37},"end":{"line":10,"column":44}}]},"2":{"loc":{"start":{"line":11,"column":21},"end":{"line":11,"column":44}},"type":"binary-expr","locations":[{"start":{"line":11,"column":21},"end":{"line":11,"column":32}},{"start":{"line":11,"column":36},"end":{"line":11,"column":44}}]},"3":{"loc":{"start":{"line":14,"column":34},"end":{"line":14,"column":43}},"type":"default-arg","locations":[{"start":{"line":14,"column":41},"end":{"line":14,"column":43}}]}},"s":{"0":1,"1":0,"2":0,"3":0,"4":1},"f":{"0":0,"1":0,"2":0,"3":0},"b":{"0":[0,0],"1":[0,0],"2":[0,0],"3":[0]}}
,"/Users/adrianosalles/Desktop/Projects/React/slctodo/src/assets/icons/Edit.tsx": {"path":"/Users/adrianosalles/Desktop/Projects/React/slctodo/src/assets/icons/Edit.tsx","statementMap":{"0":{"start":{"line":8,"column":12},"end":{"line":12,"column":1}},"1":{"start":{"line":9,"column":22},"end":{"line":9,"column":43}},"2":{"start":{"line":10,"column":23},"end":{"line":10,"column":44}},"3":{"start":{"line":11,"column":21},"end":{"line":11,"column":44}},"4":{"start":{"line":14,"column":24},"end":{"line":34,"column":2}}},"fnMap":{"0":{"name":"(anonymous_0)","decl":{"start":{"line":9,"column":11},"end":{"line":9,"column":12}},"loc":{"start":{"line":9,"column":22},"end":{"line":9,"column":43}}},"1":{"name":"(anonymous_1)","decl":{"start":{"line":10,"column":12},"end":{"line":10,"column":13}},"loc":{"start":{"line":10,"column":23},"end":{"line":10,"column":44}}},"2":{"name":"(anonymous_2)","decl":{"start":{"line":11,"column":10},"end":{"line":11,"column":11}},"loc":{"start":{"line":11,"column":21},"end":{"line":11,"column":44}}},"3":{"name":"(anonymous_3)","decl":{"start":{"line":14,"column":24},"end":{"line":14,"column":25}},"loc":{"start":{"line":14,"column":38},"end":{"line":34,"column":2}}}},"branchMap":{"0":{"loc":{"start":{"line":9,"column":22},"end":{"line":9,"column":43}},"type":"binary-expr","locations":[{"start":{"line":9,"column":22},"end":{"line":9,"column":32}},{"start":{"line":9,"column":36},"end":{"line":9,"column":43}}]},"1":{"loc":{"start":{"line":10,"column":23},"end":{"line":10,"column":44}},"type":"binary-expr","locations":[{"start":{"line":10,"column":23},"end":{"line":10,"column":33}},{"start":{"line":10,"column":37},"end":{"line":10,"column":44}}]},"2":{"loc":{"start":{"line":11,"column":21},"end":{"line":11,"column":44}},"type":"binary-expr","locations":[{"start":{"line":11,"column":21},"end":{"line":11,"column":32}},{"start":{"line":11,"column":36},"end":{"line":11,"column":44}}]},"3":{"loc":{"start":{"line":14,"column":27},"end":{"line":14,"column":36}},"type":"default-arg","locations":[{"start":{"line":14,"column":34},"end":{"line":14,"column":36}}]}},"s":{"0":1,"1":0,"2":0,"3":0,"4":1},"f":{"0":0,"1":0,"2":0,"3":0},"b":{"0":[0,0],"1":[0,0],"2":[0,0],"3":[0]}}
,"/Users/adrianosalles/Desktop/Projects/React/slctodo/src/assets/icons/EyeOffIcon.tsx": {"path":"/Users/adrianosalles/Desktop/Projects/React/slctodo/src/assets/icons/EyeOffIcon.tsx","statementMap":{"0":{"start":{"line":8,"column":12},"end":{"line":12,"column":1}},"1":{"start":{"line":9,"column":22},"end":{"line":9,"column":43}},"2":{"start":{"line":10,"column":23},"end":{"line":10,"column":44}},"3":{"start":{"line":14,"column":13},"end":{"line":17,"column":1}},"4":{"start":{"line":18,"column":26},"end":{"line":27,"column":2}}},"fnMap":{"0":{"name":"(anonymous_0)","decl":{"start":{"line":9,"column":11},"end":{"line":9,"column":12}},"loc":{"start":{"line":9,"column":22},"end":{"line":9,"column":43}}},"1":{"name":"(anonymous_1)","decl":{"start":{"line":10,"column":12},"end":{"line":10,"column":13}},"loc":{"start":{"line":10,"column":23},"end":{"line":10,"column":44}}},"2":{"name":"(anonymous_2)","decl":{"start":{"line":18,"column":26},"end":{"line":18,"column":27}},"loc":{"start":{"line":18,"column":57},"end":{"line":27,"column":2}}}},"branchMap":{"0":{"loc":{"start":{"line":9,"column":22},"end":{"line":9,"column":43}},"type":"binary-expr","locations":[{"start":{"line":9,"column":22},"end":{"line":9,"column":32}},{"start":{"line":9,"column":36},"end":{"line":9,"column":43}}]},"1":{"loc":{"start":{"line":10,"column":23},"end":{"line":10,"column":44}},"type":"binary-expr","locations":[{"start":{"line":10,"column":23},"end":{"line":10,"column":33}},{"start":{"line":10,"column":37},"end":{"line":10,"column":44}}]},"2":{"loc":{"start":{"line":18,"column":29},"end":{"line":18,"column":38}},"type":"default-arg","locations":[{"start":{"line":18,"column":36},"end":{"line":18,"column":38}}]},"3":{"loc":{"start":{"line":18,"column":40},"end":{"line":18,"column":55}},"type":"default-arg","locations":[{"start":{"line":18,"column":48},"end":{"line":18,"column":55}}]}},"s":{"0":1,"1":0,"2":0,"3":1,"4":1},"f":{"0":0,"1":0,"2":0},"b":{"0":[0,0],"1":[0,0],"2":[0],"3":[0]}}
,"/Users/adrianosalles/Desktop/Projects/React/slctodo/src/assets/icons/Newtask.tsx": {"path":"/Users/adrianosalles/Desktop/Projects/React/slctodo/src/assets/icons/Newtask.tsx","statementMap":{"0":{"start":{"line":8,"column":12},"end":{"line":12,"column":1}},"1":{"start":{"line":9,"column":22},"end":{"line":9,"column":43}},"2":{"start":{"line":10,"column":23},"end":{"line":10,"column":44}},"3":{"start":{"line":11,"column":21},"end":{"line":11,"column":46}},"4":{"start":{"line":14,"column":13},"end":{"line":17,"column":1}},"5":{"start":{"line":19,"column":23},"end":{"line":30,"column":2}}},"fnMap":{"0":{"name":"(anonymous_0)","decl":{"start":{"line":9,"column":11},"end":{"line":9,"column":12}},"loc":{"start":{"line":9,"column":22},"end":{"line":9,"column":43}}},"1":{"name":"(anonymous_1)","decl":{"start":{"line":10,"column":12},"end":{"line":10,"column":13}},"loc":{"start":{"line":10,"column":23},"end":{"line":10,"column":44}}},"2":{"name":"(anonymous_2)","decl":{"start":{"line":11,"column":10},"end":{"line":11,"column":11}},"loc":{"start":{"line":11,"column":21},"end":{"line":11,"column":46}}},"3":{"name":"(anonymous_3)","decl":{"start":{"line":19,"column":23},"end":{"line":19,"column":24}},"loc":{"start":{"line":19,"column":37},"end":{"line":30,"column":2}}}},"branchMap":{"0":{"loc":{"start":{"line":9,"column":22},"end":{"line":9,"column":43}},"type":"binary-expr","locations":[{"start":{"line":9,"column":22},"end":{"line":9,"column":32}},{"start":{"line":9,"column":36},"end":{"line":9,"column":43}}]},"1":{"loc":{"start":{"line":10,"column":23},"end":{"line":10,"column":44}},"type":"binary-expr","locations":[{"start":{"line":10,"column":23},"end":{"line":10,"column":33}},{"start":{"line":10,"column":37},"end":{"line":10,"column":44}}]},"2":{"loc":{"start":{"line":11,"column":21},"end":{"line":11,"column":46}},"type":"binary-expr","locations":[{"start":{"line":11,"column":21},"end":{"line":11,"column":32}},{"start":{"line":11,"column":36},"end":{"line":11,"column":46}}]},"3":{"loc":{"start":{"line":19,"column":26},"end":{"line":19,"column":35}},"type":"default-arg","locations":[{"start":{"line":19,"column":33},"end":{"line":19,"column":35}}]}},"s":{"0":1,"1":8,"2":8,"3":8,"4":1,"5":1},"f":{"0":8,"1":8,"2":8,"3":8},"b":{"0":[8,8],"1":[8,8],"2":[8,8],"3":[8]}}
,"/Users/adrianosalles/Desktop/Projects/React/slctodo/src/assets/icons/Trash.tsx": {"path":"/Users/adrianosalles/Desktop/Projects/React/slctodo/src/assets/icons/Trash.tsx","statementMap":{"0":{"start":{"line":8,"column":12},"end":{"line":12,"column":1}},"1":{"start":{"line":9,"column":22},"end":{"line":9,"column":43}},"2":{"start":{"line":10,"column":23},"end":{"line":10,"column":44}},"3":{"start":{"line":11,"column":21},"end":{"line":11,"column":42}},"4":{"start":{"line":14,"column":25},"end":{"line":23,"column":2}}},"fnMap":{"0":{"name":"(anonymous_0)","decl":{"start":{"line":9,"column":11},"end":{"line":9,"column":12}},"loc":{"start":{"line":9,"column":22},"end":{"line":9,"column":43}}},"1":{"name":"(anonymous_1)","decl":{"start":{"line":10,"column":12},"end":{"line":10,"column":13}},"loc":{"start":{"line":10,"column":23},"end":{"line":10,"column":44}}},"2":{"name":"(anonymous_2)","decl":{"start":{"line":11,"column":10},"end":{"line":11,"column":11}},"loc":{"start":{"line":11,"column":21},"end":{"line":11,"column":42}}},"3":{"name":"(anonymous_3)","decl":{"start":{"line":14,"column":25},"end":{"line":14,"column":26}},"loc":{"start":{"line":14,"column":54},"end":{"line":23,"column":2}}}},"branchMap":{"0":{"loc":{"start":{"line":9,"column":22},"end":{"line":9,"column":43}},"type":"binary-expr","locations":[{"start":{"line":9,"column":22},"end":{"line":9,"column":32}},{"start":{"line":9,"column":36},"end":{"line":9,"column":43}}]},"1":{"loc":{"start":{"line":10,"column":23},"end":{"line":10,"column":44}},"type":"binary-expr","locations":[{"start":{"line":10,"column":23},"end":{"line":10,"column":33}},{"start":{"line":10,"column":37},"end":{"line":10,"column":44}}]},"2":{"loc":{"start":{"line":11,"column":21},"end":{"line":11,"column":42}},"type":"binary-expr","locations":[{"start":{"line":11,"column":21},"end":{"line":11,"column":32}},{"start":{"line":11,"column":36},"end":{"line":11,"column":42}}]},"3":{"loc":{"start":{"line":14,"column":28},"end":{"line":14,"column":37}},"type":"default-arg","locations":[{"start":{"line":14,"column":35},"end":{"line":14,"column":37}}]},"4":{"loc":{"start":{"line":14,"column":39},"end":{"line":14,"column":52}},"type":"default-arg","locations":[{"start":{"line":14,"column":47},"end":{"line":14,"column":52}}]}},"s":{"0":1,"1":0,"2":0,"3":0,"4":1},"f":{"0":0,"1":0,"2":0,"3":0},"b":{"0":[0,0],"1":[0,0],"2":[0,0],"3":[0],"4":[0]}}
,"/Users/adrianosalles/Desktop/Projects/React/slctodo/src/views/components/ButtonGeneral/ButtonGeneral.tsx": {"path":"/Users/adrianosalles/Desktop/Projects/React/slctodo/src/views/components/ButtonGeneral/ButtonGeneral.tsx","statementMap":{"0":{"start":{"line":19,"column":24},"end":{"line":47,"column":1}},"1":{"start":{"line":20,"column":26},"end":{"line":20,"column":42}},"2":{"start":{"line":21,"column":30},"end":{"line":21,"column":47}},"3":{"start":{"line":22,"column":28},"end":{"line":22,"column":45}},"4":{"start":{"line":23,"column":28},"end":{"line":23,"column":45}},"5":{"start":{"line":24,"column":39},"end":{"line":24,"column":64}},"6":{"start":{"line":25,"column":41},"end":{"line":25,"column":63}},"7":{"start":{"line":33,"column":6},"end":{"line":33,"column":62}},"8":{"start":{"line":34,"column":4},"end":{"line":36,"column":null}},"9":{"start":{"line":49,"column":25},"end":{"line":65,"column":1}},"10":{"start":{"line":67,"column":29},"end":{"line":92,"column":2}}},"fnMap":{"0":{"name":"(anonymous_0)","decl":{"start":{"line":20,"column":11},"end":{"line":20,"column":12}},"loc":{"start":{"line":20,"column":26},"end":{"line":20,"column":42}}},"1":{"name":"(anonymous_1)","decl":{"start":{"line":21,"column":13},"end":{"line":21,"column":14}},"loc":{"start":{"line":21,"column":30},"end":{"line":21,"column":47}}},"2":{"name":"(anonymous_2)","decl":{"start":{"line":22,"column":12},"end":{"line":22,"column":13}},"loc":{"start":{"line":22,"column":28},"end":{"line":22,"column":45}}},"3":{"name":"(anonymous_3)","decl":{"start":{"line":23,"column":12},"end":{"line":23,"column":13}},"loc":{"start":{"line":23,"column":28},"end":{"line":23,"column":45}}},"4":{"name":"(anonymous_4)","decl":{"start":{"line":24,"column":22},"end":{"line":24,"column":23}},"loc":{"start":{"line":24,"column":39},"end":{"line":24,"column":64}}},"5":{"name":"(anonymous_5)","decl":{"start":{"line":25,"column":19},"end":{"line":25,"column":20}},"loc":{"start":{"line":25,"column":41},"end":{"line":25,"column":63}}},"6":{"name":"(anonymous_6)","decl":{"start":{"line":31,"column":4},"end":{"line":31,"column":5}},"loc":{"start":{"line":31,"column":37},"end":{"line":37,"column":4}}},"7":{"name":"(anonymous_7)","decl":{"start":{"line":67,"column":29},"end":{"line":67,"column":30}},"loc":{"start":{"line":74,"column":14},"end":{"line":92,"column":2}}}},"branchMap":{"0":{"loc":{"start":{"line":20,"column":26},"end":{"line":20,"column":42}},"type":"binary-expr","locations":[{"start":{"line":20,"column":26},"end":{"line":20,"column":35}},{"start":{"line":20,"column":35},"end":{"line":20,"column":42}}]},"1":{"loc":{"start":{"line":21,"column":30},"end":{"line":21,"column":47}},"type":"binary-expr","locations":[{"start":{"line":21,"column":30},"end":{"line":21,"column":41}},{"start":{"line":21,"column":41},"end":{"line":21,"column":47}}]},"2":{"loc":{"start":{"line":22,"column":28},"end":{"line":22,"column":45}},"type":"binary-expr","locations":[{"start":{"line":22,"column":28},"end":{"line":22,"column":38}},{"start":{"line":22,"column":38},"end":{"line":22,"column":45}}]},"3":{"loc":{"start":{"line":23,"column":28},"end":{"line":23,"column":45}},"type":"binary-expr","locations":[{"start":{"line":23,"column":28},"end":{"line":23,"column":38}},{"start":{"line":23,"column":38},"end":{"line":23,"column":45}}]},"4":{"loc":{"start":{"line":24,"column":39},"end":{"line":24,"column":64}},"type":"binary-expr","locations":[{"start":{"line":24,"column":39},"end":{"line":24,"column":50}},{"start":{"line":24,"column":50},"end":{"line":24,"column":64}}]},"5":{"loc":{"start":{"line":25,"column":41},"end":{"line":25,"column":63}},"type":"binary-expr","locations":[{"start":{"line":25,"column":41},"end":{"line":25,"column":57}},{"start":{"line":25,"column":57},"end":{"line":25,"column":63}}]},"6":{"loc":{"start":{"line":31,"column":7},"end":{"line":31,"column":25}},"type":"default-arg","locations":[{"start":{"line":31,"column":16},"end":{"line":31,"column":25}}]},"7":{"loc":{"start":{"line":33,"column":28},"end":{"line":33,"column":62}},"type":"cond-expr","locations":[{"start":{"line":33,"column":39},"end":{"line":33,"column":52}},{"start":{"line":33,"column":52},"end":{"line":33,"column":62}}]},"8":{"loc":{"start":{"line":69,"column":2},"end":{"line":69,"column":17}},"type":"default-arg","locations":[{"start":{"line":69,"column":12},"end":{"line":69,"column":17}}]},"9":{"loc":{"start":{"line":70,"column":2},"end":{"line":70,"column":20}},"type":"default-arg","locations":[{"start":{"line":70,"column":11},"end":{"line":70,"column":20}}]},"10":{"loc":{"start":{"line":71,"column":2},"end":{"line":71,"column":18}},"type":"default-arg","locations":[{"start":{"line":71,"column":13},"end":{"line":71,"column":18}}]},"11":{"loc":{"start":{"line":78,"column":16},"end":{"line":78,"column":null}},"type":"binary-expr","locations":[{"start":{"line":78,"column":16},"end":{"line":78,"column":28}},{"start":{"line":78,"column":28},"end":{"line":78,"column":null}}]},"12":{"loc":{"start":{"line":84,"column":8},"end":{"line":86,"column":9}},"type":"cond-expr","locations":[{"start":{"line":84,"column":8},"end":{"line":86,"column":9}}]}},"s":{"0":2,"1":5,"2":5,"3":5,"4":5,"5":5,"6":5,"7":5,"8":5,"9":2,"10":2},"f":{"0":5,"1":5,"2":5,"3":5,"4":5,"5":5,"6":5,"7":5},"b":{"0":[5,2],"1":[5,3],"2":[5,2],"3":[5,2],"4":[5,2],"5":[5,5],"6":[0],"7":[0,5],"8":[5],"9":[5],"10":[5],"11":[5,5],"12":[0]}}
,"/Users/adrianosalles/Desktop/Projects/React/slctodo/src/views/components/ButtonGeneral/style.tsx": {"path":"/Users/adrianosalles/Desktop/Projects/React/slctodo/src/views/components/ButtonGeneral/style.tsx","statementMap":{"0":{"start":{"line":18,"column":4},"end":{"line":69,"column":2}}},"fnMap":{},"branchMap":{},"s":{"0":2},"f":{},"b":{}}
,"/Users/adrianosalles/Desktop/Projects/React/slctodo/src/views/components/DialogCreateTask/DialogCreateTask.tsx": {"path":"/Users/adrianosalles/Desktop/Projects/React/slctodo/src/views/components/DialogCreateTask/DialogCreateTask.tsx","statementMap":{"0":{"start":{"line":47,"column":32},"end":{"line":254,"column":2}},"1":{"start":{"line":52,"column":32},"end":{"line":52,"column":null}},"2":{"start":{"line":54,"column":32},"end":{"line":63,"column":null}},"3":{"start":{"line":65,"column":2},"end":{"line":78,"column":null}},"4":{"start":{"line":66,"column":4},"end":{"line":77,"column":null}},"5":{"start":{"line":67,"column":6},"end":{"line":76,"column":null}},"6":{"start":{"line":80,"column":28},"end":{"line":90,"column":null}},"7":{"start":{"line":85,"column":28},"end":{"line":85,"column":40}},"8":{"start":{"line":86,"column":4},"end":{"line":89,"column":null}},"9":{"start":{"line":86,"column":30},"end":{"line":89,"column":null}},"10":{"start":{"line":92,"column":27},"end":{"line":98,"column":null}},"11":{"start":{"line":93,"column":17},"end":{"line":93,"column":null}},"12":{"start":{"line":94,"column":4},"end":{"line":97,"column":null}},"13":{"start":{"line":94,"column":30},"end":{"line":97,"column":null}},"14":{"start":{"line":100,"column":21},"end":{"line":130,"column":null}},"15":{"start":{"line":101,"column":4},"end":{"line":104,"column":null}},"16":{"start":{"line":102,"column":6},"end":{"line":102,"column":null}},"17":{"start":{"line":103,"column":6},"end":{"line":103,"column":null}},"18":{"start":{"line":106,"column":4},"end":{"line":129,"column":null}},"19":{"start":{"line":107,"column":6},"end":{"line":125,"column":null}},"20":{"start":{"line":108,"column":8},"end":{"line":114,"column":null}},"21":{"start":{"line":117,"column":8},"end":{"line":123,"column":null}},"22":{"start":{"line":126,"column":6},"end":{"line":126,"column":null}},"23":{"start":{"line":128,"column":6},"end":{"line":128,"column":null}},"24":{"start":{"line":132,"column":2},"end":{"line":132,"column":null}},"25":{"start":{"line":132,"column":15},"end":{"line":132,"column":null}},"26":{"start":{"line":134,"column":38},"end":{"line":165,"column":null}},"27":{"start":{"line":167,"column":40},"end":{"line":198,"column":null}},"28":{"start":{"line":202,"column":37},"end":{"line":202,"column":null}},"29":{"start":{"line":220,"column":16},"end":{"line":221,"column":null}}},"fnMap":{"0":{"name":"(anonymous_0)","decl":{"start":{"line":47,"column":32},"end":{"line":47,"column":33}},"loc":{"start":{"line":51,"column":24},"end":{"line":254,"column":2}}},"1":{"name":"(anonymous_1)","decl":{"start":{"line":65,"column":12},"end":{"line":65,"column":null}},"loc":{"start":{"line":65,"column":12},"end":{"line":78,"column":5}}},"2":{"name":"(anonymous_2)","decl":{"start":{"line":80,"column":28},"end":{"line":80,"column":null}},"loc":{"start":{"line":81,"column":4},"end":{"line":90,"column":null}}},"3":{"name":"(anonymous_3)","decl":{"start":{"line":86,"column":15},"end":{"line":86,"column":16}},"loc":{"start":{"line":86,"column":30},"end":{"line":89,"column":null}}},"4":{"name":"(anonymous_4)","decl":{"start":{"line":92,"column":27},"end":{"line":92,"column":28}},"loc":{"start":{"line":92,"column":28},"end":{"line":98,"column":null}}},"5":{"name":"(anonymous_5)","decl":{"start":{"line":94,"column":15},"end":{"line":94,"column":16}},"loc":{"start":{"line":94,"column":30},"end":{"line":97,"column":null}}},"6":{"name":"(anonymous_6)","decl":{"start":{"line":100,"column":21},"end":{"line":100,"column":null}},"loc":{"start":{"line":100,"column":21},"end":{"line":130,"column":null}}},"7":{"name":"(anonymous_7)","decl":{"start":{"line":202,"column":30},"end":{"line":202,"column":31}},"loc":{"start":{"line":202,"column":37},"end":{"line":202,"column":null}}},"8":{"name":"(anonymous_10)","decl":{"start":{"line":219,"column":24},"end":{"line":219,"column":25}},"loc":{"start":{"line":220,"column":16},"end":{"line":221,"column":null}}}},"branchMap":{"0":{"loc":{"start":{"line":66,"column":4},"end":{"line":77,"column":null}},"type":"if","locations":[{"start":{"line":66,"column":4},"end":{"line":77,"column":null}},{"start":{},"end":{}}]},"1":{"loc":{"start":{"line":93,"column":17},"end":{"line":93,"column":null}},"type":"cond-expr","locations":[{"start":{"line":93,"column":38},"end":{"line":93,"column":59}},{"start":{"line":93,"column":62},"end":{"line":93,"column":null}}]},"2":{"loc":{"start":{"line":101,"column":4},"end":{"line":104,"column":null}},"type":"if","locations":[{"start":{"line":101,"column":4},"end":{"line":104,"column":null}},{"start":{},"end":{}}]},"3":{"loc":{"start":{"line":101,"column":8},"end":{"line":101,"column":46}},"type":"binary-expr","locations":[{"start":{"line":101,"column":8},"end":{"line":101,"column":22}},{"start":{"line":101,"column":26},"end":{"line":101,"column":46}}]},"4":{"loc":{"start":{"line":107,"column":6},"end":{"line":125,"column":null}},"type":"if","locations":[{"start":{"line":107,"column":6},"end":{"line":125,"column":null}},{"start":{"line":116,"column":13},"end":{"line":125,"column":null}}]},"5":{"loc":{"start":{"line":123,"column":10},"end":{"line":123,"column":null}},"type":"cond-expr","locations":[{"start":{"line":123,"column":31},"end":{"line":123,"column":54}},{"start":{"line":123,"column":57},"end":{"line":123,"column":null}}]},"6":{"loc":{"start":{"line":132,"column":2},"end":{"line":132,"column":null}},"type":"if","locations":[{"start":{"line":132,"column":2},"end":{"line":132,"column":null}},{"start":{},"end":{}}]},"7":{"loc":{"start":{"line":235,"column":15},"end":{"line":235,"column":null}},"type":"binary-expr","locations":[{"start":{"line":235,"column":15},"end":{"line":235,"column":null}}]}},"s":{"0":0,"1":0,"2":0,"3":0,"4":0,"5":0,"6":0,"7":0,"8":0,"9":0,"10":0,"11":0,"12":0,"13":0,"14":0,"15":0,"16":0,"17":0,"18":0,"19":0,"20":0,"21":0,"22":0,"23":0,"24":0,"25":0,"26":0,"27":0,"28":0,"29":0},"f":{"0":0,"1":0,"2":0,"3":0,"4":0,"5":0,"6":0,"7":0,"8":0},"b":{"0":[0,0],"1":[0,0],"2":[0,0],"3":[0,0],"4":[0,0],"5":[0,0],"6":[0,0],"7":[0]}}
,"/Users/adrianosalles/Desktop/Projects/React/slctodo/src/views/components/DialogCreateTask/style.tsx": {"path":"/Users/adrianosalles/Desktop/Projects/React/slctodo/src/views/components/DialogCreateTask/style.tsx","statementMap":{"0":{"start":{"line":3,"column":29},"end":{"line":14,"column":1}},"1":{"start":{"line":16,"column":29},"end":{"line":23,"column":1}},"2":{"start":{"line":25,"column":22},"end":{"line":40,"column":1}},"3":{"start":{"line":30,"column":4},"end":{"line":30,"column":46}},"4":{"start":{"line":38,"column":6},"end":{"line":38,"column":48}},"5":{"start":{"line":42,"column":24},"end":{"line":51,"column":1}},"6":{"start":{"line":53,"column":25},"end":{"line":55,"column":1}}},"fnMap":{"0":{"name":"(anonymous_0)","decl":{"start":{"line":29,"column":22},"end":{"line":29,"column":23}},"loc":{"start":{"line":30,"column":4},"end":{"line":30,"column":46}}},"1":{"name":"(anonymous_1)","decl":{"start":{"line":37,"column":24},"end":{"line":37,"column":25}},"loc":{"start":{"line":38,"column":6},"end":{"line":38,"column":48}}}},"branchMap":{"0":{"loc":{"start":{"line":30,"column":4},"end":{"line":30,"column":46}},"type":"cond-expr","locations":[{"start":{"line":30,"column":27},"end":{"line":30,"column":36}},{"start":{"line":30,"column":36},"end":{"line":30,"column":46}}]},"1":{"loc":{"start":{"line":38,"column":6},"end":{"line":38,"column":48}},"type":"cond-expr","locations":[{"start":{"line":38,"column":29},"end":{"line":38,"column":38}},{"start":{"line":38,"column":38},"end":{"line":38,"column":48}}]}},"s":{"0":0,"1":0,"2":0,"3":0,"4":0,"5":0,"6":0},"f":{"0":0,"1":0},"b":{"0":[0,0],"1":[0,0]}}
,"/Users/adrianosalles/Desktop/Projects/React/slctodo/src/views/components/Icon/Icon.tsx": {"path":"/Users/adrianosalles/Desktop/Projects/React/slctodo/src/views/components/Icon/Icon.tsx","statementMap":{"0":{"start":{"line":26,"column":18},"end":{"line":26,"column":36}},"1":{"start":{"line":28,"column":2},"end":{"line":34,"column":null}},"2":{"start":{"line":39,"column":21},"end":{"line":49,"column":null}}},"fnMap":{"0":{"name":"Icon","decl":{"start":{"line":25,"column":16},"end":{"line":25,"column":21}},"loc":{"start":{"line":25,"column":62},"end":{"line":37,"column":null}}}},"branchMap":{"0":{"loc":{"start":{"line":28,"column":2},"end":{"line":34,"column":null}},"type":"if","locations":[{"start":{"line":28,"column":2},"end":{"line":34,"column":null}},{"start":{},"end":{}}]}},"s":{"0":8,"1":8,"2":1},"f":{"0":8},"b":{"0":[0,8]}}
,"/Users/adrianosalles/Desktop/Projects/React/slctodo/src/views/components/Icon/style.tsx": {"path":"/Users/adrianosalles/Desktop/Projects/React/slctodo/src/views/components/Icon/style.tsx","statementMap":{"0":{"start":{"line":3,"column":25},"end":{"line":13,"column":1}}},"fnMap":{},"branchMap":{},"s":{"0":1},"f":{},"b":{}}
,"/Users/adrianosalles/Desktop/Projects/React/slctodo/src/views/components/SideBar/SiderBar.tsx": {"path":"/Users/adrianosalles/Desktop/Projects/React/slctodo/src/views/components/SideBar/SiderBar.tsx","statementMap":{"0":{"start":{"line":9,"column":23},"end":{"line":64,"column":2}},"1":{"start":{"line":10,"column":27},"end":{"line":10,"column":null}},"2":{"start":{"line":11,"column":26},"end":{"line":11,"column":null}},"3":{"start":{"line":12,"column":19},"end":{"line":12,"column":null}},"4":{"start":{"line":13,"column":2},"end":{"line":22,"column":null}},"5":{"start":{"line":14,"column":4},"end":{"line":21,"column":null}},"6":{"start":{"line":15,"column":24},"end":{"line":18,"column":null}},"7":{"start":{"line":16,"column":25},"end":{"line":16,"column":null}},"8":{"start":{"line":17,"column":8},"end":{"line":17,"column":null}},"9":{"start":{"line":20,"column":6},"end":{"line":20,"column":null}},"10":{"start":{"line":24,"column":23},"end":{"line":31,"column":null}},"11":{"start":{"line":25,"column":4},"end":{"line":30,"column":null}},"12":{"start":{"line":26,"column":6},"end":{"line":26,"column":null}},"13":{"start":{"line":27,"column":6},"end":{"line":27,"column":null}},"14":{"start":{"line":29,"column":6},"end":{"line":29,"column":null}}},"fnMap":{"0":{"name":"(anonymous_0)","decl":{"start":{"line":9,"column":23},"end":{"line":9,"column":null}},"loc":{"start":{"line":9,"column":23},"end":{"line":64,"column":2}}},"1":{"name":"(anonymous_1)","decl":{"start":{"line":13,"column":12},"end":{"line":13,"column":null}},"loc":{"start":{"line":13,"column":12},"end":{"line":22,"column":5}}},"2":{"name":"(anonymous_2)","decl":{"start":{"line":15,"column":24},"end":{"line":15,"column":null}},"loc":{"start":{"line":15,"column":24},"end":{"line":18,"column":null}}},"3":{"name":"(anonymous_3)","decl":{"start":{"line":24,"column":23},"end":{"line":24,"column":null}},"loc":{"start":{"line":24,"column":23},"end":{"line":31,"column":null}}}},"branchMap":{"0":{"loc":{"start":{"line":14,"column":4},"end":{"line":21,"column":null}},"type":"if","locations":[{"start":{"line":14,"column":4},"end":{"line":21,"column":null}},{"start":{},"end":{}}]},"1":{"loc":{"start":{"line":16,"column":25},"end":{"line":16,"column":null}},"type":"cond-expr","locations":[{"start":{"line":16,"column":38},"end":{"line":16,"column":70}},{"start":{"line":16,"column":70},"end":{"line":16,"column":null}}]},"2":{"loc":{"start":{"line":40,"column":8},"end":{"line":42,"column":9}},"type":"cond-expr","locations":[{"start":{"line":40,"column":8},"end":{"line":42,"column":9}}]},"3":{"loc":{"start":{"line":44,"column":13},"end":{"line":44,"column":null}},"type":"binary-expr","locations":[{"start":{"line":44,"column":13},"end":{"line":44,"column":null}}]},"4":{"loc":{"start":{"line":52,"column":13},"end":{"line":52,"column":null}},"type":"binary-expr","locations":[{"start":{"line":52,"column":13},"end":{"line":52,"column":null}}]}},"s":{"0":1,"1":5,"2":5,"3":5,"4":5,"5":3,"6":3,"7":3,"8":3,"9":3,"10":5,"11":0,"12":0,"13":0,"14":0},"f":{"0":5,"1":3,"2":3,"3":0},"b":{"0":[3,0],"1":[3,0],"2":[3],"3":[2],"4":[2]}}
,"/Users/adrianosalles/Desktop/Projects/React/slctodo/src/views/components/SideBar/styles.ts": {"path":"/Users/adrianosalles/Desktop/Projects/React/slctodo/src/views/components/SideBar/styles.ts","statementMap":{"0":{"start":{"line":3,"column":23},"end":{"line":27,"column":1}}},"fnMap":{},"branchMap":{},"s":{"0":1},"f":{},"b":{}}
,"/Users/adrianosalles/Desktop/Projects/React/slctodo/src/views/components/TasksList/TasksList.tsx": {"path":"/Users/adrianosalles/Desktop/Projects/React/slctodo/src/views/components/TasksList/TasksList.tsx","statementMap":{"0":{"start":{"line":18,"column":24},"end":{"line":91,"column":2}},"1":{"start":{"line":19,"column":32},"end":{"line":19,"column":null}},"2":{"start":{"line":20,"column":32},"end":{"line":20,"column":null}},"3":{"start":{"line":22,"column":2},"end":{"line":37,"column":null}},"4":{"start":{"line":23,"column":26},"end":{"line":32,"column":null}},"5":{"start":{"line":24,"column":20},"end":{"line":24,"column":37}},"6":{"start":{"line":25,"column":6},"end":{"line":31,"column":null}},"7":{"start":{"line":26,"column":8},"end":{"line":26,"column":null}},"8":{"start":{"line":27,"column":13},"end":{"line":31,"column":null}},"9":{"start":{"line":28,"column":8},"end":{"line":28,"column":null}},"10":{"start":{"line":30,"column":8},"end":{"line":30,"column":null}},"11":{"start":{"line":34,"column":4},"end":{"line":34,"column":null}},"12":{"start":{"line":35,"column":4},"end":{"line":35,"column":null}},"13":{"start":{"line":36,"column":4},"end":{"line":36,"column":null}},"14":{"start":{"line":36,"column":17},"end":{"line":36,"column":null}},"15":{"start":{"line":74,"column":18},"end":{"line":81,"column":null}},"16":{"start":{"line":84,"column":52},"end":{"line":84,"column":null}}},"fnMap":{"0":{"name":"(anonymous_0)","decl":{"start":{"line":18,"column":24},"end":{"line":18,"column":25}},"loc":{"start":{"line":18,"column":54},"end":{"line":91,"column":2}}},"1":{"name":"(anonymous_1)","decl":{"start":{"line":22,"column":12},"end":{"line":22,"column":null}},"loc":{"start":{"line":22,"column":12},"end":{"line":37,"column":5}}},"2":{"name":"(anonymous_2)","decl":{"start":{"line":23,"column":26},"end":{"line":23,"column":null}},"loc":{"start":{"line":23,"column":26},"end":{"line":32,"column":null}}},"3":{"name":"(anonymous_3)","decl":{"start":{"line":36,"column":11},"end":{"line":36,"column":17}},"loc":{"start":{"line":36,"column":17},"end":{"line":36,"column":null}}},"4":{"name":"(anonymous_5)","decl":{"start":{"line":73,"column":25},"end":{"line":73,"column":null}},"loc":{"start":{"line":74,"column":18},"end":{"line":81,"column":null}}},"5":{"name":"(anonymous_6)","decl":{"start":{"line":84,"column":46},"end":{"line":84,"column":52}},"loc":{"start":{"line":84,"column":52},"end":{"line":84,"column":null}}}},"branchMap":{"0":{"loc":{"start":{"line":25,"column":6},"end":{"line":31,"column":null}},"type":"if","locations":[{"start":{"line":25,"column":6},"end":{"line":31,"column":null}},{"start":{"line":27,"column":13},"end":{"line":31,"column":null}}]},"1":{"loc":{"start":{"line":27,"column":13},"end":{"line":31,"column":null}},"type":"if","locations":[{"start":{"line":27,"column":13},"end":{"line":31,"column":null}},{"start":{"line":29,"column":13},"end":{"line":31,"column":null}}]},"2":{"loc":{"start":{"line":49,"column":41},"end":{"line":49,"column":null}},"type":"binary-expr","locations":[{"start":{"line":49,"column":41},"end":{"line":49,"column":51}},{"start":{"line":49,"column":55},"end":{"line":49,"column":null}}]},"3":{"loc":{"start":{"line":64,"column":13},"end":{"line":64,"column":null}},"type":"cond-expr","locations":[{"start":{"line":64,"column":29},"end":{"line":64,"column":59}},{"start":{"line":64,"column":62},"end":{"line":64,"column":null}}]},"4":{"loc":{"start":{"line":67,"column":13},"end":{"line":67,"column":null}},"type":"cond-expr","locations":[{"start":{"line":67,"column":27},"end":{"line":67,"column":51}},{"start":{"line":67,"column":54},"end":{"line":67,"column":null}}]}},"s":{"0":0,"1":0,"2":0,"3":0,"4":0,"5":0,"6":0,"7":0,"8":0,"9":0,"10":0,"11":0,"12":0,"13":0,"14":0,"15":0,"16":0},"f":{"0":0,"1":0,"2":0,"3":0,"4":0,"5":0},"b":{"0":[0,0],"1":[0,0],"2":[0,0],"3":[0,0],"4":[0,0]}}
,"/Users/adrianosalles/Desktop/Projects/React/slctodo/src/views/components/TasksList/style.tsx": {"path":"/Users/adrianosalles/Desktop/Projects/React/slctodo/src/views/components/TasksList/style.tsx","statementMap":{"0":{"start":{"line":3,"column":24},"end":{"line":8,"column":1}},"1":{"start":{"line":10,"column":26},"end":{"line":14,"column":1}},"2":{"start":{"line":16,"column":25},"end":{"line":19,"column":1}},"3":{"start":{"line":21,"column":23},"end":{"line":27,"column":1}},"4":{"start":{"line":29,"column":31},"end":{"line":32,"column":1}}},"fnMap":{},"branchMap":{},"s":{"0":0,"1":0,"2":0,"3":0,"4":0},"f":{},"b":{}}
,"/Users/adrianosalles/Desktop/Projects/React/slctodo/src/views/components/Text/Text.tsx": {"path":"/Users/adrianosalles/Desktop/Projects/React/slctodo/src/views/components/Text/Text.tsx","statementMap":{"0":{"start":{"line":13,"column":19},"end":{"line":20,"column":1}},"1":{"start":{"line":14,"column":26},"end":{"line":14,"column":61}},"2":{"start":{"line":15,"column":28},"end":{"line":15,"column":65}},"3":{"start":{"line":16,"column":28},"end":{"line":16,"column":63}},"4":{"start":{"line":17,"column":28},"end":{"line":17,"column":62}},"5":{"start":{"line":18,"column":22},"end":{"line":18,"column":45}},"6":{"start":{"line":19,"column":23},"end":{"line":19,"column":43}},"7":{"start":{"line":33,"column":20},"end":{"line":58,"column":2}},"8":{"start":{"line":44,"column":21},"end":{"line":44,"column":null}}},"fnMap":{"0":{"name":"(anonymous_0)","decl":{"start":{"line":14,"column":15},"end":{"line":14,"column":16}},"loc":{"start":{"line":14,"column":26},"end":{"line":14,"column":61}}},"1":{"name":"(anonymous_1)","decl":{"start":{"line":15,"column":17},"end":{"line":15,"column":18}},"loc":{"start":{"line":15,"column":28},"end":{"line":15,"column":65}}},"2":{"name":"(anonymous_2)","decl":{"start":{"line":16,"column":17},"end":{"line":16,"column":18}},"loc":{"start":{"line":16,"column":28},"end":{"line":16,"column":63}}},"3":{"name":"(anonymous_3)","decl":{"start":{"line":17,"column":17},"end":{"line":17,"column":18}},"loc":{"start":{"line":17,"column":28},"end":{"line":17,"column":62}}},"4":{"name":"(anonymous_4)","decl":{"start":{"line":18,"column":11},"end":{"line":18,"column":12}},"loc":{"start":{"line":18,"column":22},"end":{"line":18,"column":45}}},"5":{"name":"(anonymous_5)","decl":{"start":{"line":19,"column":12},"end":{"line":19,"column":13}},"loc":{"start":{"line":19,"column":23},"end":{"line":19,"column":43}}},"6":{"name":"(anonymous_6)","decl":{"start":{"line":33,"column":20},"end":{"line":33,"column":21}},"loc":{"start":{"line":43,"column":12},"end":{"line":58,"column":2}}}},"branchMap":{"0":{"loc":{"start":{"line":16,"column":28},"end":{"line":16,"column":63}},"type":"binary-expr","locations":[{"start":{"line":16,"column":28},"end":{"line":16,"column":49}},{"start":{"line":16,"column":53},"end":{"line":16,"column":63}}]},"1":{"loc":{"start":{"line":17,"column":28},"end":{"line":17,"column":62}},"type":"binary-expr","locations":[{"start":{"line":17,"column":28},"end":{"line":17,"column":49}},{"start":{"line":17,"column":53},"end":{"line":17,"column":62}}]},"2":{"loc":{"start":{"line":18,"column":22},"end":{"line":18,"column":45}},"type":"binary-expr","locations":[{"start":{"line":18,"column":22},"end":{"line":18,"column":33}},{"start":{"line":18,"column":37},"end":{"line":18,"column":45}}]},"3":{"loc":{"start":{"line":19,"column":23},"end":{"line":19,"column":43}},"type":"binary-expr","locations":[{"start":{"line":19,"column":23},"end":{"line":19,"column":35}},{"start":{"line":19,"column":39},"end":{"line":19,"column":43}}]},"4":{"loc":{"start":{"line":35,"column":2},"end":{"line":35,"column":28}},"type":"default-arg","locations":[{"start":{"line":35,"column":11},"end":{"line":35,"column":28}}]},"5":{"loc":{"start":{"line":40,"column":2},"end":{"line":40,"column":17}},"type":"default-arg","locations":[{"start":{"line":40,"column":10},"end":{"line":40,"column":17}}]}},"s":{"0":4,"1":64,"2":64,"3":64,"4":64,"5":64,"6":64,"7":4,"8":64},"f":{"0":64,"1":64,"2":64,"3":64,"4":64,"5":64,"6":64},"b":{"0":[64,0],"1":[64,0],"2":[64,0],"3":[64,5],"4":[0],"5":[45]}}
,"/Users/adrianosalles/Desktop/Projects/React/slctodo/src/views/components/TextInput/TextInput.tsx": {"path":"/Users/adrianosalles/Desktop/Projects/React/slctodo/src/views/components/TextInput/TextInput.tsx","statementMap":{"0":{"start":{"line":23,"column":25},"end":{"line":65,"column":2}},"1":{"start":{"line":30,"column":19},"end":{"line":30,"column":null}},"2":{"start":{"line":32,"column":30},"end":{"line":38,"column":null}},"3":{"start":{"line":40,"column":21},"end":{"line":42,"column":null}},"4":{"start":{"line":41,"column":4},"end":{"line":41,"column":null}},"5":{"start":{"line":67,"column":24},"end":{"line":76,"column":null}}},"fnMap":{"0":{"name":"(anonymous_0)","decl":{"start":{"line":23,"column":25},"end":{"line":23,"column":26}},"loc":{"start":{"line":29,"column":17},"end":{"line":65,"column":2}}},"1":{"name":"(anonymous_1)","decl":{"start":{"line":40,"column":21},"end":{"line":40,"column":null}},"loc":{"start":{"line":40,"column":21},"end":{"line":42,"column":null}}}},"branchMap":{"0":{"loc":{"start":{"line":34,"column":17},"end":{"line":34,"column":null}},"type":"cond-expr","locations":[{"start":{"line":34,"column":32},"end":{"line":34,"column":36}},{"start":{"line":34,"column":36},"end":{"line":34,"column":null}}]},"1":{"loc":{"start":{"line":36,"column":17},"end":{"line":36,"column":null}},"type":"cond-expr","locations":[{"start":{"line":36,"column":32},"end":{"line":36,"column":42}},{"start":{"line":36,"column":42},"end":{"line":36,"column":null}}]},"2":{"loc":{"start":{"line":56,"column":9},"end":{"line":56,"column":null}},"type":"binary-expr","locations":[{"start":{"line":56,"column":9},"end":{"line":56,"column":27}},{"start":{"line":56,"column":27},"end":{"line":56,"column":null}}]},"3":{"loc":{"start":{"line":58,"column":7},"end":{"line":58,"column":null}},"type":"binary-expr","locations":[{"start":{"line":58,"column":7},"end":{"line":58,"column":null}}]}},"s":{"0":1,"1":25,"2":25,"3":25,"4":0,"5":1},"f":{"0":25,"1":0},"b":{"0":[8,17],"1":[8,17],"2":[25,0],"3":[25]}}
,"/Users/adrianosalles/Desktop/Projects/React/slctodo/src/views/components/UserDataTable/UserDataTable.tsx": {"path":"/Users/adrianosalles/Desktop/Projects/React/slctodo/src/views/components/UserDataTable/UserDataTable.tsx","statementMap":{"0":{"start":{"line":6,"column":21},"end":{"line":41,"column":2}}},"fnMap":{"0":{"name":"(anonymous_0)","decl":{"start":{"line":6,"column":21},"end":{"line":6,"column":22}},"loc":{"start":{"line":6,"column":51},"end":{"line":41,"column":2}}}},"branchMap":{},"s":{"0":0},"f":{"0":0},"b":{}}
,"/Users/adrianosalles/Desktop/Projects/React/slctodo/src/views/pages/DashboardTasks/DashboardTasks.tsx": {"path":"/Users/adrianosalles/Desktop/Projects/React/slctodo/src/views/pages/DashboardTasks/DashboardTasks.tsx","statementMap":{"0":{"start":{"line":15,"column":30},"end":{"line":75,"column":2}},"1":{"start":{"line":16,"column":42},"end":{"line":16,"column":null}},"2":{"start":{"line":17,"column":38},"end":{"line":24,"column":null}},"3":{"start":{"line":26,"column":27},"end":{"line":29,"column":null}},"4":{"start":{"line":27,"column":4},"end":{"line":27,"column":null}},"5":{"start":{"line":28,"column":4},"end":{"line":28,"column":null}},"6":{"start":{"line":31,"column":25},"end":{"line":48,"column":null}},"7":{"start":{"line":39,"column":4},"end":{"line":46,"column":null}},"8":{"start":{"line":47,"column":4},"end":{"line":47,"column":null}}},"fnMap":{"0":{"name":"(anonymous_0)","decl":{"start":{"line":15,"column":30},"end":{"line":15,"column":null}},"loc":{"start":{"line":15,"column":30},"end":{"line":75,"column":2}}},"1":{"name":"(anonymous_1)","decl":{"start":{"line":26,"column":27},"end":{"line":26,"column":null}},"loc":{"start":{"line":26,"column":27},"end":{"line":29,"column":null}}},"2":{"name":"(anonymous_2)","decl":{"start":{"line":31,"column":25},"end":{"line":31,"column":26}},"loc":{"start":{"line":31,"column":26},"end":{"line":48,"column":null}}}},"branchMap":{"0":{"loc":{"start":{"line":42,"column":19},"end":{"line":42,"column":null}},"type":"binary-expr","locations":[{"start":{"line":42,"column":19},"end":{"line":42,"column":35}},{"start":{"line":42,"column":39},"end":{"line":42,"column":null}}]},"1":{"loc":{"start":{"line":43,"column":15},"end":{"line":43,"column":null}},"type":"binary-expr","locations":[{"start":{"line":43,"column":15},"end":{"line":43,"column":27}},{"start":{"line":43,"column":31},"end":{"line":43,"column":null}}]},"2":{"loc":{"start":{"line":44,"column":16},"end":{"line":44,"column":null}},"type":"binary-expr","locations":[{"start":{"line":44,"column":16},"end":{"line":44,"column":29}},{"start":{"line":44,"column":33},"end":{"line":44,"column":null}}]},"3":{"loc":{"start":{"line":45,"column":14},"end":{"line":45,"column":null}},"type":"binary-expr","locations":[{"start":{"line":45,"column":14},"end":{"line":45,"column":25}},{"start":{"line":45,"column":29},"end":{"line":45,"column":null}}]},"4":{"loc":{"start":{"line":62,"column":13},"end":{"line":62,"column":null}},"type":"binary-expr","locations":[{"start":{"line":62,"column":13},"end":{"line":62,"column":null}}]},"5":{"loc":{"start":{"line":66,"column":28},"end":{"line":66,"column":null}},"type":"binary-expr","locations":[{"start":{"line":66,"column":28},"end":{"line":66,"column":42}},{"start":{"line":66,"column":42},"end":{"line":66,"column":null}}]}},"s":{"0":1,"1":9,"2":8,"3":8,"4":3,"5":3,"6":8,"7":1,"8":1},"f":{"0":9,"1":3,"2":1},"b":{"0":[1,0],"1":[1,0],"2":[1,0],"3":[1,0],"4":[8],"5":[3,2]}}
,"/Users/adrianosalles/Desktop/Projects/React/slctodo/src/views/pages/DashboardTasks/style.tsx": {"path":"/Users/adrianosalles/Desktop/Projects/React/slctodo/src/views/pages/DashboardTasks/style.tsx","statementMap":{"0":{"start":{"line":3,"column":25},"end":{"line":6,"column":1}},"1":{"start":{"line":8,"column":27},"end":{"line":11,"column":1}},"2":{"start":{"line":13,"column":22},"end":{"line":17,"column":1}},"3":{"start":{"line":19,"column":29},"end":{"line":28,"column":1}},"4":{"start":{"line":30,"column":24},"end":{"line":34,"column":1}},"5":{"start":{"line":36,"column":24},"end":{"line":41,"column":1}},"6":{"start":{"line":43,"column":26},"end":{"line":47,"column":1}},"7":{"start":{"line":49,"column":25},"end":{"line":52,"column":1}},"8":{"start":{"line":54,"column":23},"end":{"line":61,"column":1}},"9":{"start":{"line":63,"column":31},"end":{"line":66,"column":1}}},"fnMap":{},"branchMap":{},"s":{"0":1,"1":1,"2":1,"3":1,"4":1,"5":1,"6":1,"7":1,"8":1,"9":1},"f":{},"b":{}}
,"/Users/adrianosalles/Desktop/Projects/React/slctodo/src/views/pages/IntroPage/IntroPage.tsx": {"path":"/Users/adrianosalles/Desktop/Projects/React/slctodo/src/views/pages/IntroPage/IntroPage.tsx","statementMap":{"0":{"start":{"line":7,"column":25},"end":{"line":47,"column":2}},"1":{"start":{"line":8,"column":19},"end":{"line":8,"column":null}},"2":{"start":{"line":10,"column":22},"end":{"line":12,"column":null}},"3":{"start":{"line":11,"column":4},"end":{"line":11,"column":null}}},"fnMap":{"0":{"name":"(anonymous_0)","decl":{"start":{"line":7,"column":25},"end":{"line":7,"column":null}},"loc":{"start":{"line":7,"column":25},"end":{"line":47,"column":2}}},"1":{"name":"(anonymous_1)","decl":{"start":{"line":10,"column":22},"end":{"line":10,"column":null}},"loc":{"start":{"line":10,"column":22},"end":{"line":12,"column":null}}}},"branchMap":{},"s":{"0":1,"1":3,"2":3,"3":1},"f":{"0":3,"1":1},"b":{}}
,"/Users/adrianosalles/Desktop/Projects/React/slctodo/src/views/pages/IntroPage/style.tsx": {"path":"/Users/adrianosalles/Desktop/Projects/React/slctodo/src/views/pages/IntroPage/style.tsx","statementMap":{"0":{"start":{"line":3,"column":30},"end":{"line":12,"column":1}},"1":{"start":{"line":14,"column":23},"end":{"line":19,"column":1}},"2":{"start":{"line":21,"column":30},"end":{"line":25,"column":1}},"3":{"start":{"line":27,"column":28},"end":{"line":30,"column":1}}},"fnMap":{},"branchMap":{},"s":{"0":1,"1":1,"2":1,"3":1},"f":{},"b":{}}
,"/Users/adrianosalles/Desktop/Projects/React/slctodo/src/views/pages/Login/Login.tsx": {"path":"/Users/adrianosalles/Desktop/Projects/React/slctodo/src/views/pages/Login/Login.tsx","statementMap":{"0":{"start":{"line":10,"column":21},"end":{"line":109,"column":2}},"1":{"start":{"line":11,"column":30},"end":{"line":11,"column":null}},"2":{"start":{"line":12,"column":19},"end":{"line":12,"column":null}},"3":{"start":{"line":14,"column":38},"end":{"line":14,"column":null}},"4":{"start":{"line":15,"column":26},"end":{"line":15,"column":null}},"5":{"start":{"line":16,"column":28},"end":{"line":16,"column":null}},"6":{"start":{"line":17,"column":34},"end":{"line":17,"column":null}},"7":{"start":{"line":18,"column":42},"end":{"line":18,"column":null}},"8":{"start":{"line":19,"column":32},"end":{"line":19,"column":null}},"9":{"start":{"line":21,"column":28},"end":{"line":24,"column":null}},"10":{"start":{"line":22,"column":4},"end":{"line":22,"column":null}},"11":{"start":{"line":23,"column":4},"end":{"line":23,"column":null}},"12":{"start":{"line":26,"column":31},"end":{"line":28,"column":null}},"13":{"start":{"line":27,"column":4},"end":{"line":27,"column":null}},"14":{"start":{"line":30,"column":27},"end":{"line":32,"column":null}},"15":{"start":{"line":31,"column":4},"end":{"line":31,"column":null}},"16":{"start":{"line":33,"column":23},"end":{"line":48,"column":null}},"17":{"start":{"line":34,"column":4},"end":{"line":34,"column":null}},"18":{"start":{"line":35,"column":4},"end":{"line":35,"column":null}},"19":{"start":{"line":36,"column":4},"end":{"line":47,"column":null}},"20":{"start":{"line":37,"column":6},"end":{"line":41,"column":null}},"21":{"start":{"line":38,"column":8},"end":{"line":38,"column":null}},"22":{"start":{"line":40,"column":8},"end":{"line":40,"column":null}},"23":{"start":{"line":42,"column":6},"end":{"line":42,"column":null}},"24":{"start":{"line":44,"column":6},"end":{"line":44,"column":null}},"25":{"start":{"line":46,"column":6},"end":{"line":46,"column":null}},"26":{"start":{"line":103,"column":45},"end":{"line":103,"column":null}}},"fnMap":{"0":{"name":"(anonymous_0)","decl":{"start":{"line":10,"column":21},"end":{"line":10,"column":null}},"loc":{"start":{"line":10,"column":21},"end":{"line":109,"column":2}}},"1":{"name":"(anonymous_1)","decl":{"start":{"line":21,"column":28},"end":{"line":21,"column":29}},"loc":{"start":{"line":21,"column":29},"end":{"line":24,"column":null}}},"2":{"name":"(anonymous_2)","decl":{"start":{"line":26,"column":31},"end":{"line":26,"column":32}},"loc":{"start":{"line":26,"column":32},"end":{"line":28,"column":null}}},"3":{"name":"(anonymous_3)","decl":{"start":{"line":30,"column":27},"end":{"line":30,"column":28}},"loc":{"start":{"line":30,"column":28},"end":{"line":32,"column":null}}},"4":{"name":"(anonymous_4)","decl":{"start":{"line":33,"column":23},"end":{"line":33,"column":30}},"loc":{"start":{"line":33,"column":30},"end":{"line":48,"column":null}}},"5":{"name":"(anonymous_5)","decl":{"start":{"line":103,"column":39},"end":{"line":103,"column":45}},"loc":{"start":{"line":103,"column":45},"end":{"line":103,"column":null}}}},"branchMap":{"0":{"loc":{"start":{"line":37,"column":6},"end":{"line":41,"column":null}},"type":"if","locations":[{"start":{"line":37,"column":6},"end":{"line":41,"column":null}},{"start":{"line":39,"column":13},"end":{"line":41,"column":null}}]},"1":{"loc":{"start":{"line":53,"column":9},"end":{"line":53,"column":null}},"type":"cond-expr","locations":[{"start":{"line":53,"column":22},"end":{"line":53,"column":38}},{"start":{"line":53,"column":38},"end":{"line":53,"column":null}}]},"2":{"loc":{"start":{"line":56,"column":9},"end":{"line":56,"column":null}},"type":"binary-expr","locations":[{"start":{"line":56,"column":9},"end":{"line":56,"column":null}}]},"3":{"loc":{"start":{"line":68,"column":24},"end":{"line":68,"column":null}},"type":"cond-expr","locations":[{"start":{"line":68,"column":39},"end":{"line":68,"column":61}},{"start":{"line":68,"column":61},"end":{"line":68,"column":null}}]},"4":{"loc":{"start":{"line":91,"column":10},"end":{"line":101,"column":11}},"type":"cond-expr","locations":[{"start":{"line":91,"column":10},"end":{"line":101,"column":11}}]},"5":{"loc":{"start":{"line":101,"column":33},"end":{"line":101,"column":null}},"type":"cond-expr","locations":[{"start":{"line":101,"column":46},"end":{"line":101,"column":60}},{"start":{"line":101,"column":60},"end":{"line":101,"column":null}}]},"6":{"loc":{"start":{"line":104,"column":11},"end":{"line":104,"column":null}},"type":"cond-expr","locations":[{"start":{"line":104,"column":24},"end":{"line":104,"column":34}},{"start":{"line":104,"column":34},"end":{"line":104,"column":null}}]}},"s":{"0":1,"1":12,"2":12,"3":12,"4":12,"5":12,"6":12,"7":12,"8":12,"9":12,"10":2,"11":2,"12":12,"13":2,"14":12,"15":0,"16":12,"17":1,"18":1,"19":1,"20":1,"21":0,"22":1,"23":1,"24":0,"25":1,"26":1},"f":{"0":12,"1":2,"2":2,"3":0,"4":1,"5":1},"b":{"0":[0,1],"1":[1,11],"2":[12],"3":[5,7],"4":[1],"5":[1,10],"6":[1,11]}}
,"/Users/adrianosalles/Desktop/Projects/React/slctodo/src/views/pages/Login/styles.tsx": {"path":"/Users/adrianosalles/Desktop/Projects/React/slctodo/src/views/pages/Login/styles.tsx","statementMap":{"0":{"start":{"line":3,"column":30},"end":{"line":10,"column":1}},"1":{"start":{"line":12,"column":20},"end":{"line":18,"column":1}},"2":{"start":{"line":20,"column":22},"end":{"line":28,"column":1}}},"fnMap":{},"branchMap":{},"s":{"0":1,"1":1,"2":1},"f":{},"b":{}}
,"/Users/adrianosalles/Desktop/Projects/React/slctodo/src/views/pages/UserRegister/UserRegister.tsx": {"path":"/Users/adrianosalles/Desktop/Projects/React/slctodo/src/views/pages/UserRegister/UserRegister.tsx","statementMap":{"0":{"start":{"line":8,"column":28},"end":{"line":59,"column":2}},"1":{"start":{"line":22,"column":28},"end":{"line":22,"column":null}},"2":{"start":{"line":24,"column":2},"end":{"line":36,"column":null}},"3":{"start":{"line":25,"column":27},"end":{"line":33,"column":null}},"4":{"start":{"line":26,"column":19},"end":{"line":26,"column":null}},"5":{"start":{"line":27,"column":6},"end":{"line":31,"column":null}},"6":{"start":{"line":28,"column":34},"end":{"line":31,"column":null}},"7":{"start":{"line":35,"column":4},"end":{"line":35,"column":null}},"8":{"start":{"line":49,"column":37},"end":{"line":54,"column":null}}},"fnMap":{"0":{"name":"(anonymous_0)","decl":{"start":{"line":8,"column":28},"end":{"line":8,"column":null}},"loc":{"start":{"line":8,"column":28},"end":{"line":59,"column":2}}},"1":{"name":"(anonymous_1)","decl":{"start":{"line":24,"column":12},"end":{"line":24,"column":null}},"loc":{"start":{"line":24,"column":12},"end":{"line":36,"column":5}}},"2":{"name":"(anonymous_2)","decl":{"start":{"line":25,"column":27},"end":{"line":25,"column":null}},"loc":{"start":{"line":25,"column":27},"end":{"line":33,"column":null}}},"3":{"name":"(anonymous_3)","decl":{"start":{"line":28,"column":17},"end":{"line":28,"column":18}},"loc":{"start":{"line":28,"column":34},"end":{"line":31,"column":null}}},"4":{"name":"(anonymous_4)","decl":{"start":{"line":49,"column":26},"end":{"line":49,"column":27}},"loc":{"start":{"line":49,"column":37},"end":{"line":54,"column":null}}}},"branchMap":{},"s":{"0":1,"1":4,"2":3,"3":2,"4":2,"5":2,"6":4,"7":2,"8":2},"f":{"0":4,"1":2,"2":2,"3":4,"4":2},"b":{}}
,"/Users/adrianosalles/Desktop/Projects/React/slctodo/src/views/styles/reset.ts": {"path":"/Users/adrianosalles/Desktop/Projects/React/slctodo/src/views/styles/reset.ts","statementMap":{"0":{"start":{"line":3,"column":20},"end":{"line":45,"column":2}}},"fnMap":{},"branchMap":{},"s":{"0":0},"f":{},"b":{}}
,"/Users/adrianosalles/Desktop/Projects/React/slctodo/src/views/styles/theme.ts": {"path":"/Users/adrianosalles/Desktop/Projects/React/slctodo/src/views/styles/theme.ts","statementMap":{"0":{"start":{"line":3,"column":21},"end":{"line":44,"column":2}}},"fnMap":{},"branchMap":{},"s":{"0":0},"f":{},"b":{}}
}
